2026-04-27 12:08:32.902 [INF] Executed DbCommand (6ms) [Parameters=[], CommandType='"Text"', CommandTimeout='30']
SELECT 1
2026-04-27 12:08:32.916 [INF] Acquiring an exclusive lock for migration application. See https://aka.ms/efcore-docs-migrations-lock for more information if this takes too long.
2026-04-27 12:08:32.941 [INF] Executed DbCommand (23ms) [Parameters=[], CommandType='"Text"', CommandTimeout='30']
DECLARE @result int;
EXEC @result = sp_getapplock @Resource = '__EFMigrationsLock', @LockOwner = 'Session', @LockMode = 'Exclusive';
SELECT @result
2026-04-27 12:08:32.962 [INF] Executed DbCommand (4ms) [Parameters=[], CommandType='"Text"', CommandTimeout='30']
IF OBJECT_ID(N'[__EFMigrationsHistory]') IS NULL
BEGIN
    CREATE TABLE [__EFMigrationsHistory] (
        [MigrationId] nvarchar(150) NOT NULL,
        [ProductVersion] nvarchar(32) NOT NULL,
        CONSTRAINT [PK___EFMigrationsHistory] PRIMARY KEY ([MigrationId])
    );
END;
2026-04-27 12:08:32.967 [INF] Executed DbCommand (1ms) [Parameters=[], CommandType='"Text"', CommandTimeout='30']
SELECT 1
2026-04-27 12:08:32.968 [INF] Executed DbCommand (1ms) [Parameters=[], CommandType='"Text"', CommandTimeout='30']
SELECT OBJECT_ID(N'[__EFMigrationsHistory]');
2026-04-27 12:08:32.990 [INF] Executed DbCommand (22ms) [Parameters=[], CommandType='"Text"', CommandTimeout='30']
SELECT [MigrationId], [ProductVersion]
FROM [__EFMigrationsHistory]
ORDER BY [MigrationId];
2026-04-27 12:08:32.993 [INF] No migrations were applied. The database is already up to date.
2026-04-27 12:08:32.998 [INF] Executed DbCommand (3ms) [Parameters=[], CommandType='"Text"', CommandTimeout='30']
DECLARE @result int;
EXEC @result = sp_releaseapplock @Resource = '__EFMigrationsLock', @LockOwner = 'Session';
SELECT @result
2026-04-27 12:08:33.084 [INF] Executed DbCommand (10ms) [Parameters=[], CommandType='"Text"', CommandTimeout='30']
SELECT CASE
    WHEN EXISTS (
        SELECT 1
        FROM [Users] AS [u]
        WHERE [u].[Role] = N'Admin') THEN CAST(1 AS bit)
    ELSE CAST(0 AS bit)
END
2026-04-27 12:08:33.148 [INF] Now listening on: http://localhost:5001
2026-04-27 12:08:33.149 [INF] Application started. Press Ctrl+C to shut down.
2026-04-27 12:08:33.149 [INF] Hosting environment: Development
2026-04-27 12:08:33.149 [INF] Content root path: /Users/dinhtanloc/Projects/MGSPlus/src/backend
2026-04-27 12:08:40.720 [INF] HTTP GET /api/auth/me responded 401 in 54.2243 ms
2026-04-27 12:08:40.888 [INF] Executed DbCommand (48ms) [Parameters=[@__hashed_0='?' (Size = 256)], CommandType='"Text"', CommandTimeout='30']
SELECT TOP(1) [r].[Id], [r].[CreatedAt], [r].[ExpiresAt], [r].[IsRevoked], [r].[Token], [r].[UserId], [u].[Id], [u].[CreatedAt], [u].[DateOfBirth], [u].[Email], [u].[FirstName], [u].[IsActive], [u].[IsEmailVerified], [u].[LastName], [u].[PasswordHash], [u].[PhoneNumber], [u].[Role], [u].[UpdatedAt]
FROM [RefreshTokens] AS [r]
INNER JOIN [Users] AS [u] ON [r].[UserId] = [u].[Id]
WHERE [r].[Token] = @__hashed_0
2026-04-27 12:08:40.974 [INF] Executed DbCommand (26ms) [Parameters=[@p1='?' (DbType = Int32), @p0='?' (DbType = Boolean), @p2='?' (DbType = DateTime2), @p3='?' (DbType = DateTime2), @p4='?' (DbType = Boolean), @p5='?' (Size = 256), @p6='?' (DbType = Int32)], CommandType='"Text"', CommandTimeout='30']
SET NOCOUNT ON;
UPDATE [RefreshTokens] SET [IsRevoked] = @p0
OUTPUT 1
WHERE [Id] = @p1;
INSERT INTO [RefreshTokens] ([CreatedAt], [ExpiresAt], [IsRevoked], [Token], [UserId])
OUTPUT INSERTED.[Id]
VALUES (@p2, @p3, @p4, @p5, @p6);
2026-04-27 12:08:40.993 [INF] HTTP POST /api/auth/refresh responded 200 in 209.5917 ms
2026-04-27 12:08:41.026 [INF] Executed DbCommand (3ms) [Parameters=[@__p_0='?' (DbType = Int32)], CommandType='"Text"', CommandTimeout='30']
SELECT TOP(1) [u].[Id], [u].[CreatedAt], [u].[DateOfBirth], [u].[Email], [u].[FirstName], [u].[IsActive], [u].[IsEmailVerified], [u].[LastName], [u].[PasswordHash], [u].[PhoneNumber], [u].[Role], [u].[UpdatedAt]
FROM [Users] AS [u]
WHERE [u].[Id] = @__p_0
2026-04-27 12:08:41.026 [INF] HTTP GET /api/auth/me responded 200 in 30.3313 ms
2026-04-27 12:08:41.067 [INF] Executed DbCommand (9ms) [Parameters=[], CommandType='"Text"', CommandTimeout='30']
SELECT COUNT(*)
FROM [News] AS [n]
WHERE [n].[IsPublished] = CAST(1 AS bit)
2026-04-27 12:08:41.091 [INF] Executed DbCommand (19ms) [Parameters=[], CommandType='"Text"', CommandTimeout='30']
SELECT [n].[Id], [n].[Name], [n].[Slug], (
    SELECT COUNT(*)
    FROM [News] AS [n0]
    WHERE [n].[Id] = [n0].[CategoryId] AND [n0].[IsPublished] = CAST(1 AS bit)) AS [Count]
FROM [NewsCategories] AS [n]
2026-04-27 12:08:41.091 [INF] Executed DbCommand (15ms) [Parameters=[@__p_0='?' (DbType = Int32), @__p_1='?' (DbType = Int32)], CommandType='"Text"', CommandTimeout='30']
SELECT [n1].[Id], [n1].[Title], [n1].[Summary], [n1].[ImageUrl], [n1].[Source], [n0].[Name], [n1].[ViewCount], [n1].[PublishedAt]
FROM (
    SELECT [n].[Id], [n].[CategoryId], [n].[ImageUrl], [n].[PublishedAt], [n].[Source], [n].[Summary], [n].[Title], [n].[ViewCount]
    FROM [News] AS [n]
    WHERE [n].[IsPublished] = CAST(1 AS bit)
    ORDER BY [n].[PublishedAt] DESC
    OFFSET @__p_0 ROWS FETCH NEXT @__p_1 ROWS ONLY
) AS [n1]
LEFT JOIN [NewsCategories] AS [n0] ON [n1].[CategoryId] = [n0].[Id]
ORDER BY [n1].[PublishedAt] DESC
2026-04-27 12:08:41.092 [INF] HTTP GET /api/news/categories responded 200 in 45.2108 ms
2026-04-27 12:08:41.093 [INF] HTTP GET /api/news responded 200 in 46.2020 ms
2026-04-27 12:29:47.418 [INF] Executed DbCommand (5ms) [Parameters=[], CommandType='"Text"', CommandTimeout='30']
SELECT COUNT(*)
FROM [News] AS [n]
WHERE [n].[IsPublished] = CAST(1 AS bit)
2026-04-27 12:29:47.424 [INF] Executed DbCommand (3ms) [Parameters=[@__p_0='?' (DbType = Int32), @__p_1='?' (DbType = Int32)], CommandType='"Text"', CommandTimeout='30']
SELECT [n1].[Id], [n1].[Title], [n1].[Summary], [n1].[ImageUrl], [n1].[Source], [n0].[Name], [n1].[ViewCount], [n1].[PublishedAt]
FROM (
    SELECT [n].[Id], [n].[CategoryId], [n].[ImageUrl], [n].[PublishedAt], [n].[Source], [n].[Summary], [n].[Title], [n].[ViewCount]
    FROM [News] AS [n]
    WHERE [n].[IsPublished] = CAST(1 AS bit)
    ORDER BY [n].[PublishedAt] DESC
    OFFSET @__p_0 ROWS FETCH NEXT @__p_1 ROWS ONLY
) AS [n1]
LEFT JOIN [NewsCategories] AS [n0] ON [n1].[CategoryId] = [n0].[Id]
ORDER BY [n1].[PublishedAt] DESC
2026-04-27 12:29:47.424 [INF] HTTP GET /api/news responded 200 in 55.8848 ms
2026-04-27 12:29:47.436 [INF] Executed DbCommand (1ms) [Parameters=[], CommandType='"Text"', CommandTimeout='30']
SELECT [n].[Id], [n].[Name], [n].[Slug], (
    SELECT COUNT(*)
    FROM [News] AS [n0]
    WHERE [n].[Id] = [n0].[CategoryId] AND [n0].[IsPublished] = CAST(1 AS bit)) AS [Count]
FROM [NewsCategories] AS [n]
2026-04-27 12:29:47.437 [INF] HTTP GET /api/news/categories responded 200 in 67.8330 ms
2026-04-27 12:29:52.551 [INF] Executed DbCommand (2ms) [Parameters=[], CommandType='"Text"', CommandTimeout='30']
SELECT [n].[Id], [n].[Name], [n].[Slug], (
    SELECT COUNT(*)
    FROM [News] AS [n0]
    WHERE [n].[Id] = [n0].[CategoryId] AND [n0].[IsPublished] = CAST(1 AS bit)) AS [Count]
FROM [NewsCategories] AS [n]
2026-04-27 12:29:52.551 [INF] Executed DbCommand (2ms) [Parameters=[], CommandType='"Text"', CommandTimeout='30']
SELECT COUNT(*)
FROM [News] AS [n]
WHERE [n].[IsPublished] = CAST(1 AS bit)
2026-04-27 12:29:52.551 [INF] HTTP GET /api/news/categories responded 200 in 3.7156 ms
2026-04-27 12:29:52.554 [INF] Executed DbCommand (3ms) [Parameters=[@__p_0='?' (DbType = Int32), @__p_1='?' (DbType = Int32)], CommandType='"Text"', CommandTimeout='30']
SELECT [n1].[Id], [n1].[Title], [n1].[Summary], [n1].[ImageUrl], [n1].[Source], [n0].[Name], [n1].[ViewCount], [n1].[PublishedAt]
FROM (
    SELECT [n].[Id], [n].[CategoryId], [n].[ImageUrl], [n].[PublishedAt], [n].[Source], [n].[Summary], [n].[Title], [n].[ViewCount]
    FROM [News] AS [n]
    WHERE [n].[IsPublished] = CAST(1 AS bit)
    ORDER BY [n].[PublishedAt] DESC
    OFFSET @__p_0 ROWS FETCH NEXT @__p_1 ROWS ONLY
) AS [n1]
LEFT JOIN [NewsCategories] AS [n0] ON [n1].[CategoryId] = [n0].[Id]
ORDER BY [n1].[PublishedAt] DESC
2026-04-27 12:29:52.554 [INF] HTTP GET /api/news responded 200 in 6.6668 ms
2026-04-27 12:30:28.962 [INF] Executed DbCommand (5ms) [Parameters=[@__p_0='?' (DbType = Int32)], CommandType='"Text"', CommandTimeout='30']
SELECT TOP(1) [u].[Id], [u].[CreatedAt], [u].[DateOfBirth], [u].[Email], [u].[FirstName], [u].[IsActive], [u].[IsEmailVerified], [u].[LastName], [u].[PasswordHash], [u].[PhoneNumber], [u].[Role], [u].[UpdatedAt]
FROM [Users] AS [u]
WHERE [u].[Id] = @__p_0
2026-04-27 12:30:28.965 [INF] HTTP GET /api/auth/me responded 200 in 21.0611 ms
2026-04-27 12:30:29.018 [INF] Executed DbCommand (2ms) [Parameters=[], CommandType='"Text"', CommandTimeout='30']
SELECT [n].[Id], [n].[Name], [n].[Slug], (
    SELECT COUNT(*)
    FROM [News] AS [n0]
    WHERE [n].[Id] = [n0].[CategoryId] AND [n0].[IsPublished] = CAST(1 AS bit)) AS [Count]
FROM [NewsCategories] AS [n]
2026-04-27 12:30:29.018 [INF] Executed DbCommand (2ms) [Parameters=[], CommandType='"Text"', CommandTimeout='30']
SELECT COUNT(*)
FROM [News] AS [n]
WHERE [n].[IsPublished] = CAST(1 AS bit)
2026-04-27 12:30:29.018 [INF] HTTP GET /api/news/categories responded 200 in 3.9243 ms
2026-04-27 12:30:29.021 [INF] Executed DbCommand (2ms) [Parameters=[@__p_0='?' (DbType = Int32), @__p_1='?' (DbType = Int32)], CommandType='"Text"', CommandTimeout='30']
SELECT [n1].[Id], [n1].[Title], [n1].[Summary], [n1].[ImageUrl], [n1].[Source], [n0].[Name], [n1].[ViewCount], [n1].[PublishedAt]
FROM (
    SELECT [n].[Id], [n].[CategoryId], [n].[ImageUrl], [n].[PublishedAt], [n].[Source], [n].[Summary], [n].[Title], [n].[ViewCount]
    FROM [News] AS [n]
    WHERE [n].[IsPublished] = CAST(1 AS bit)
    ORDER BY [n].[PublishedAt] DESC
    OFFSET @__p_0 ROWS FETCH NEXT @__p_1 ROWS ONLY
) AS [n1]
LEFT JOIN [NewsCategories] AS [n0] ON [n1].[CategoryId] = [n0].[Id]
ORDER BY [n1].[PublishedAt] DESC
2026-04-27 12:30:29.021 [INF] HTTP GET /api/news responded 200 in 6.9019 ms
2026-04-27 12:30:33.408 [INF] Executed DbCommand (2ms) [Parameters=[@__p_0='?' (DbType = Int32)], CommandType='"Text"', CommandTimeout='30']
SELECT TOP(1) [u].[Id], [u].[CreatedAt], [u].[DateOfBirth], [u].[Email], [u].[FirstName], [u].[IsActive], [u].[IsEmailVerified], [u].[LastName], [u].[PasswordHash], [u].[PhoneNumber], [u].[Role], [u].[UpdatedAt]
FROM [Users] AS [u]
WHERE [u].[Id] = @__p_0
2026-04-27 12:30:33.408 [INF] HTTP GET /api/auth/me responded 200 in 9.2644 ms
2026-04-27 12:30:33.471 [INF] Executed DbCommand (4ms) [Parameters=[], CommandType='"Text"', CommandTimeout='30']
SELECT [n].[Id], [n].[Name], [n].[Slug], (
    SELECT COUNT(*)
    FROM [News] AS [n0]
    WHERE [n].[Id] = [n0].[CategoryId] AND [n0].[IsPublished] = CAST(1 AS bit)) AS [Count]
FROM [NewsCategories] AS [n]
2026-04-27 12:30:33.471 [INF] Executed DbCommand (4ms) [Parameters=[], CommandType='"Text"', CommandTimeout='30']
SELECT COUNT(*)
FROM [News] AS [n]
WHERE [n].[IsPublished] = CAST(1 AS bit)
2026-04-27 12:30:33.472 [INF] HTTP GET /api/news/categories responded 200 in 7.9542 ms
2026-04-27 12:30:33.474 [INF] Executed DbCommand (2ms) [Parameters=[@__p_0='?' (DbType = Int32), @__p_1='?' (DbType = Int32)], CommandType='"Text"', CommandTimeout='30']
SELECT [n1].[Id], [n1].[Title], [n1].[Summary], [n1].[ImageUrl], [n1].[Source], [n0].[Name], [n1].[ViewCount], [n1].[PublishedAt]
FROM (
    SELECT [n].[Id], [n].[CategoryId], [n].[ImageUrl], [n].[PublishedAt], [n].[Source], [n].[Summary], [n].[Title], [n].[ViewCount]
    FROM [News] AS [n]
    WHERE [n].[IsPublished] = CAST(1 AS bit)
    ORDER BY [n].[PublishedAt] DESC
    OFFSET @__p_0 ROWS FETCH NEXT @__p_1 ROWS ONLY
) AS [n1]
LEFT JOIN [NewsCategories] AS [n0] ON [n1].[CategoryId] = [n0].[Id]
ORDER BY [n1].[PublishedAt] DESC
2026-04-27 12:30:33.475 [INF] HTTP GET /api/news responded 200 in 10.3307 ms
2026-04-27 12:31:40.970 [INF] Executed DbCommand (12ms) [Parameters=[], CommandType='"Text"', CommandTimeout='30']
SELECT COUNT(*)
FROM [BlogPosts] AS [b]
WHERE [b].[IsPublished] = CAST(1 AS bit)
2026-04-27 12:31:40.979 [INF] Executed DbCommand (22ms) [Parameters=[], CommandType='"Text"', CommandTimeout='30']
SELECT [b].[Id], [b].[Name], [b].[Slug], [b].[Description], (
    SELECT COUNT(*)
    FROM [BlogPosts] AS [b0]
    WHERE [b].[Id] = [b0].[CategoryId] AND [b0].[IsPublished] = CAST(1 AS bit)) AS [PostCount]
FROM [BlogCategories] AS [b]
2026-04-27 12:31:40.987 [INF] HTTP GET /api/blog/categories responded 200 in 53.9205 ms
2026-04-27 12:31:40.996 [INF] Executed DbCommand (17ms) [Parameters=[@__p_0='?' (DbType = Int32), @__p_1='?' (DbType = Int32)], CommandType='"Text"', CommandTimeout='30']
SELECT [b0].[Id], [b0].[Title], [b0].[Slug], [b0].[Summary], [b0].[ThumbnailUrl], [b0].[Tags], [b0].[ViewCount], [u].[FirstName] + N' ' + [u].[LastName], [b1].[Name], [b0].[PublishedAt]
FROM (
    SELECT [b].[Id], [b].[AuthorId], [b].[CategoryId], [b].[PublishedAt], [b].[Slug], [b].[Summary], [b].[Tags], [b].[ThumbnailUrl], [b].[Title], [b].[ViewCount]
    FROM [BlogPosts] AS [b]
    WHERE [b].[IsPublished] = CAST(1 AS bit)
    ORDER BY [b].[PublishedAt] DESC
    OFFSET @__p_0 ROWS FETCH NEXT @__p_1 ROWS ONLY
) AS [b0]
INNER JOIN [Users] AS [u] ON [b0].[AuthorId] = [u].[Id]
LEFT JOIN [BlogCategories] AS [b1] ON [b0].[CategoryId] = [b1].[Id]
ORDER BY [b0].[PublishedAt] DESC
2026-04-27 12:31:41.000 [INF] HTTP GET /api/blog responded 200 in 68.6410 ms
2026-04-27 12:31:41.938 [INF] Executed DbCommand (3ms) [Parameters=[], CommandType='"Text"', CommandTimeout='30']
SELECT [n].[Id], [n].[Name], [n].[Slug], (
    SELECT COUNT(*)
    FROM [News] AS [n0]
    WHERE [n].[Id] = [n0].[CategoryId] AND [n0].[IsPublished] = CAST(1 AS bit)) AS [Count]
FROM [NewsCategories] AS [n]
2026-04-27 12:31:41.938 [INF] Executed DbCommand (2ms) [Parameters=[], CommandType='"Text"', CommandTimeout='30']
SELECT COUNT(*)
FROM [News] AS [n]
WHERE [n].[IsPublished] = CAST(1 AS bit)
2026-04-27 12:31:41.938 [INF] HTTP GET /api/news/categories responded 200 in 5.5064 ms
2026-04-27 12:31:41.940 [INF] Executed DbCommand (2ms) [Parameters=[@__p_0='?' (DbType = Int32), @__p_1='?' (DbType = Int32)], CommandType='"Text"', CommandTimeout='30']
SELECT [n1].[Id], [n1].[Title], [n1].[Summary], [n1].[ImageUrl], [n1].[Source], [n0].[Name], [n1].[ViewCount], [n1].[PublishedAt]
FROM (
    SELECT [n].[Id], [n].[CategoryId], [n].[ImageUrl], [n].[PublishedAt], [n].[Source], [n].[Summary], [n].[Title], [n].[ViewCount]
    FROM [News] AS [n]
    WHERE [n].[IsPublished] = CAST(1 AS bit)
    ORDER BY [n].[PublishedAt] DESC
    OFFSET @__p_0 ROWS FETCH NEXT @__p_1 ROWS ONLY
) AS [n1]
LEFT JOIN [NewsCategories] AS [n0] ON [n1].[CategoryId] = [n0].[Id]
ORDER BY [n1].[PublishedAt] DESC
2026-04-27 12:31:41.941 [INF] HTTP GET /api/news responded 200 in 9.1889 ms
2026-04-27 12:31:42.957 [INF] Executed DbCommand (4ms) [Parameters=[], CommandType='"Text"', CommandTimeout='30']
SELECT COUNT(*)
FROM [BlogPosts] AS [b]
WHERE [b].[IsPublished] = CAST(1 AS bit)
2026-04-27 12:31:42.957 [INF] Executed DbCommand (4ms) [Parameters=[], CommandType='"Text"', CommandTimeout='30']
SELECT [b].[Id], [b].[Name], [b].[Slug], [b].[Description], (
    SELECT COUNT(*)
    FROM [BlogPosts] AS [b0]
    WHERE [b].[Id] = [b0].[CategoryId] AND [b0].[IsPublished] = CAST(1 AS bit)) AS [PostCount]
FROM [BlogCategories] AS [b]
2026-04-27 12:31:42.958 [INF] HTTP GET /api/blog/categories responded 200 in 8.0855 ms
2026-04-27 12:31:42.961 [INF] Executed DbCommand (4ms) [Parameters=[@__p_0='?' (DbType = Int32), @__p_1='?' (DbType = Int32)], CommandType='"Text"', CommandTimeout='30']
SELECT [b0].[Id], [b0].[Title], [b0].[Slug], [b0].[Summary], [b0].[ThumbnailUrl], [b0].[Tags], [b0].[ViewCount], [u].[FirstName] + N' ' + [u].[LastName], [b1].[Name], [b0].[PublishedAt]
FROM (
    SELECT [b].[Id], [b].[AuthorId], [b].[CategoryId], [b].[PublishedAt], [b].[Slug], [b].[Summary], [b].[Tags], [b].[ThumbnailUrl], [b].[Title], [b].[ViewCount]
    FROM [BlogPosts] AS [b]
    WHERE [b].[IsPublished] = CAST(1 AS bit)
    ORDER BY [b].[PublishedAt] DESC
    OFFSET @__p_0 ROWS FETCH NEXT @__p_1 ROWS ONLY
) AS [b0]
INNER JOIN [Users] AS [u] ON [b0].[AuthorId] = [u].[Id]
LEFT JOIN [BlogCategories] AS [b1] ON [b0].[CategoryId] = [b1].[Id]
ORDER BY [b0].[PublishedAt] DESC
2026-04-27 12:31:42.962 [INF] HTTP GET /api/blog responded 200 in 12.2420 ms
2026-04-27 12:31:56.028 [INF] Application is shutting down...
2026-04-27 12:31:59.825 [INF] Executed DbCommand (6ms) [Parameters=[], CommandType='"Text"', CommandTimeout='30']
SELECT 1
2026-04-27 12:31:59.840 [INF] Acquiring an exclusive lock for migration application. See https://aka.ms/efcore-docs-migrations-lock for more information if this takes too long.
2026-04-27 12:31:59.846 [INF] Executed DbCommand (5ms) [Parameters=[], CommandType='"Text"', CommandTimeout='30']
DECLARE @result int;
EXEC @result = sp_getapplock @Resource = '__EFMigrationsLock', @LockOwner = 'Session', @LockMode = 'Exclusive';
SELECT @result
2026-04-27 12:31:59.864 [INF] Executed DbCommand (2ms) [Parameters=[], CommandType='"Text"', CommandTimeout='30']
IF OBJECT_ID(N'[__EFMigrationsHistory]') IS NULL
BEGIN
    CREATE TABLE [__EFMigrationsHistory] (
        [MigrationId] nvarchar(150) NOT NULL,
        [ProductVersion] nvarchar(32) NOT NULL,
        CONSTRAINT [PK___EFMigrationsHistory] PRIMARY KEY ([MigrationId])
    );
END;
2026-04-27 12:31:59.868 [INF] Executed DbCommand (1ms) [Parameters=[], CommandType='"Text"', CommandTimeout='30']
SELECT 1
2026-04-27 12:31:59.869 [INF] Executed DbCommand (1ms) [Parameters=[], CommandType='"Text"', CommandTimeout='30']
SELECT OBJECT_ID(N'[__EFMigrationsHistory]');
2026-04-27 12:31:59.872 [INF] Executed DbCommand (2ms) [Parameters=[], CommandType='"Text"', CommandTimeout='30']
SELECT [MigrationId], [ProductVersion]
FROM [__EFMigrationsHistory]
ORDER BY [MigrationId];
2026-04-27 12:31:59.875 [INF] No migrations were applied. The database is already up to date.
2026-04-27 12:31:59.877 [INF] Executed DbCommand (1ms) [Parameters=[], CommandType='"Text"', CommandTimeout='30']
DECLARE @result int;
EXEC @result = sp_releaseapplock @Resource = '__EFMigrationsLock', @LockOwner = 'Session';
SELECT @result
2026-04-27 12:31:59.979 [INF] Executed DbCommand (1ms) [Parameters=[], CommandType='"Text"', CommandTimeout='30']
SELECT CASE
    WHEN EXISTS (
        SELECT 1
        FROM [Users] AS [u]
        WHERE [u].[Role] = N'Admin') THEN CAST(1 AS bit)
    ELSE CAST(0 AS bit)
END
2026-04-27 12:31:59.985 [INF] Executed DbCommand (4ms) [Parameters=[], CommandType='"Text"', CommandTimeout='30']
SELECT CASE
    WHEN EXISTS (
        SELECT 1
        FROM [News] AS [n]) THEN CAST(1 AS bit)
    ELSE CAST(0 AS bit)
END
2026-04-27 12:32:00.072 [INF] Executed DbCommand (45ms) [Parameters=[@p0='?' (DbType = Int32), @p1='?' (Size = 4000), @p2='?' (DbType = DateTime2), @p3='?' (Size = 512), @p4='?' (DbType = Boolean), @p5='?' (DbType = DateTime2), @p6='?' (Size = 200), @p7='?' (Size = 512), @p8='?' (Size = 600), @p9='?' (Size = 500), @p10='?' (Size = 300), @p11='?' (DbType = DateTime2), @p12='?' (DbType = Int32), @p13='?' (DbType = Int32), @p14='?' (Size = 4000), @p15='?' (DbType = DateTime2), @p16='?' (Size = 512), @p17='?' (DbType = Boolean), @p18='?' (DbType = DateTime2), @p19='?' (Size = 200), @p20='?' (Size = 512), @p21='?' (Size = 600), @p22='?' (Size = 500), @p23='?' (Size = 300), @p24='?' (DbType = DateTime2), @p25='?' (DbType = Int32), @p26='?' (DbType = Int32), @p27='?' (Size = 4000), @p28='?' (DbType = DateTime2), @p29='?' (Size = 512), @p30='?' (DbType = Boolean), @p31='?' (DbType = DateTime2), @p32='?' (Size = 200), @p33='?' (Size = 512), @p34='?' (Size = 600), @p35='?' (Size = 500), @p36='?' (Size = 300), @p37='?' (DbType = DateTime2), @p38='?' (DbType = Int32), @p39='?' (DbType = Int32), @p40='?' (Size = 4000), @p41='?' (DbType = DateTime2), @p42='?' (Size = 512), @p43='?' (DbType = Boolean), @p44='?' (DbType = DateTime2), @p45='?' (Size = 200), @p46='?' (Size = 512), @p47='?' (Size = 600), @p48='?' (Size = 500), @p49='?' (Size = 300), @p50='?' (DbType = DateTime2), @p51='?' (DbType = Int32), @p52='?' (DbType = Int32), @p53='?' (Size = 4000), @p54='?' (DbType = DateTime2), @p55='?' (Size = 512), @p56='?' (DbType = Boolean), @p57='?' (DbType = DateTime2), @p58='?' (Size = 200), @p59='?' (Size = 512), @p60='?' (Size = 600), @p61='?' (Size = 500), @p62='?' (Size = 300), @p63='?' (DbType = DateTime2), @p64='?' (DbType = Int32), @p65='?' (DbType = Int32), @p66='?' (Size = 4000), @p67='?' (DbType = DateTime2), @p68='?' (Size = 512), @p69='?' (DbType = Boolean), @p70='?' (DbType = DateTime2), @p71='?' (Size = 200), @p72='?' (Size = 512), @p73='?' (Size = 600), @p74='?' (Size = 500), @p75='?' (Size = 300), @p76='?' (DbType = DateTime2), @p77='?' (DbType = Int32), @p78='?' (DbType = Int32), @p79='?' (Size = 4000), @p80='?' (DbType = DateTime2), @p81='?' (Size = 512), @p82='?' (DbType = Boolean), @p83='?' (DbType = DateTime2), @p84='?' (Size = 200), @p85='?' (Size = 512), @p86='?' (Size = 600), @p87='?' (Size = 500), @p88='?' (Size = 300), @p89='?' (DbType = DateTime2), @p90='?' (DbType = Int32), @p91='?' (DbType = Int32), @p92='?' (Size = 4000), @p93='?' (DbType = DateTime2), @p94='?' (Size = 512), @p95='?' (DbType = Boolean), @p96='?' (DbType = DateTime2), @p97='?' (Size = 200), @p98='?' (Size = 512), @p99='?' (Size = 600), @p100='?' (Size = 500), @p101='?' (Size = 300), @p102='?' (DbType = DateTime2), @p103='?' (DbType = Int32), @p104='?' (DbType = Int32), @p105='?' (Size = 4000), @p106='?' (DbType = DateTime2), @p107='?' (Size = 512), @p108='?' (DbType = Boolean), @p109='?' (DbType = DateTime2), @p110='?' (Size = 200), @p111='?' (Size = 512), @p112='?' (Size = 600), @p113='?' (Size = 500), @p114='?' (Size = 300), @p115='?' (DbType = DateTime2), @p116='?' (DbType = Int32), @p117='?' (DbType = Int32), @p118='?' (Size = 4000), @p119='?' (DbType = DateTime2), @p120='?' (Size = 512), @p121='?' (DbType = Boolean), @p122='?' (DbType = DateTime2), @p123='?' (Size = 200), @p124='?' (Size = 512), @p125='?' (Size = 600), @p126='?' (Size = 500), @p127='?' (Size = 300), @p128='?' (DbType = DateTime2), @p129='?' (DbType = Int32), @p130='?' (DbType = Int32), @p131='?' (Size = 4000), @p132='?' (DbType = DateTime2), @p133='?' (Size = 512), @p134='?' (DbType = Boolean), @p135='?' (DbType = DateTime2), @p136='?' (Size = 200), @p137='?' (Size = 512), @p138='?' (Size = 600), @p139='?' (Size = 500), @p140='?' (Size = 300), @p141='?' (DbType = DateTime2), @p142='?' (DbType = Int32), @p143='?' (DbType = Int32), @p144='?' (Size = 4000), @p145='?' (DbType = DateTime2), @p146='?' (Size = 512), @p147='?' (DbType = Boolean), @p148='?' (DbType = DateTime2), @p149='?' (Size = 200), @p150='?' (Size = 512), @p151='?' (Size = 600), @p152='?' (Size = 500), @p153='?' (Size = 300), @p154='?' (DbType = DateTime2), @p155='?' (DbType = Int32), @p156='?' (DbType = Int32), @p157='?' (Size = 4000), @p158='?' (DbType = DateTime2), @p159='?' (Size = 512), @p160='?' (DbType = Boolean), @p161='?' (DbType = DateTime2), @p162='?' (Size = 200), @p163='?' (Size = 512), @p164='?' (Size = 600), @p165='?' (Size = 500), @p166='?' (Size = 300), @p167='?' (DbType = DateTime2), @p168='?' (DbType = Int32), @p169='?' (DbType = Int32), @p170='?' (Size = 4000), @p171='?' (DbType = DateTime2), @p172='?' (Size = 512), @p173='?' (DbType = Boolean), @p174='?' (DbType = DateTime2), @p175='?' (Size = 200), @p176='?' (Size = 512), @p177='?' (Size = 600), @p178='?' (Size = 500), @p179='?' (Size = 300), @p180='?' (DbType = DateTime2), @p181='?' (DbType = Int32), @p182='?' (DbType = Int32), @p183='?' (Size = 4000), @p184='?' (DbType = DateTime2), @p185='?' (Size = 512), @p186='?' (DbType = Boolean), @p187='?' (DbType = DateTime2), @p188='?' (Size = 200), @p189='?' (Size = 512), @p190='?' (Size = 600), @p191='?' (Size = 500), @p192='?' (Size = 300), @p193='?' (DbType = DateTime2), @p194='?' (DbType = Int32)], CommandType='"Text"', CommandTimeout='30']
SET IMPLICIT_TRANSACTIONS OFF;
SET NOCOUNT ON;
MERGE [News] USING (
VALUES (@p0, @p1, @p2, @p3, @p4, @p5, @p6, @p7, @p8, @p9, @p10, @p11, @p12, 0),
(@p13, @p14, @p15, @p16, @p17, @p18, @p19, @p20, @p21, @p22, @p23, @p24, @p25, 1),
(@p26, @p27, @p28, @p29, @p30, @p31, @p32, @p33, @p34, @p35, @p36, @p37, @p38, 2),
(@p39, @p40, @p41, @p42, @p43, @p44, @p45, @p46, @p47, @p48, @p49, @p50, @p51, 3),
(@p52, @p53, @p54, @p55, @p56, @p57, @p58, @p59, @p60, @p61, @p62, @p63, @p64, 4),
(@p65, @p66, @p67, @p68, @p69, @p70, @p71, @p72, @p73, @p74, @p75, @p76, @p77, 5),
(@p78, @p79, @p80, @p81, @p82, @p83, @p84, @p85, @p86, @p87, @p88, @p89, @p90, 6),
(@p91, @p92, @p93, @p94, @p95, @p96, @p97, @p98, @p99, @p100, @p101, @p102, @p103, 7),
(@p104, @p105, @p106, @p107, @p108, @p109, @p110, @p111, @p112, @p113, @p114, @p115, @p116, 8),
(@p117, @p118, @p119, @p120, @p121, @p122, @p123, @p124, @p125, @p126, @p127, @p128, @p129, 9),
(@p130, @p131, @p132, @p133, @p134, @p135, @p136, @p137, @p138, @p139, @p140, @p141, @p142, 10),
(@p143, @p144, @p145, @p146, @p147, @p148, @p149, @p150, @p151, @p152, @p153, @p154, @p155, 11),
(@p156, @p157, @p158, @p159, @p160, @p161, @p162, @p163, @p164, @p165, @p166, @p167, @p168, 12),
(@p169, @p170, @p171, @p172, @p173, @p174, @p175, @p176, @p177, @p178, @p179, @p180, @p181, 13),
(@p182, @p183, @p184, @p185, @p186, @p187, @p188, @p189, @p190, @p191, @p192, @p193, @p194, 14)) AS i ([CategoryId], [Content], [CreatedAt], [ImageUrl], [IsPublished], [PublishedAt], [Source], [SourceUrl], [Summary], [Tags], [Title], [UpdatedAt], [ViewCount], _Position) ON 1=0
WHEN NOT MATCHED THEN
INSERT ([CategoryId], [Content], [CreatedAt], [ImageUrl], [IsPublished], [PublishedAt], [Source], [SourceUrl], [Summary], [Tags], [Title], [UpdatedAt], [ViewCount])
VALUES (i.[CategoryId], i.[Content], i.[CreatedAt], i.[ImageUrl], i.[IsPublished], i.[PublishedAt], i.[Source], i.[SourceUrl], i.[Summary], i.[Tags], i.[Title], i.[UpdatedAt], i.[ViewCount])
OUTPUT INSERTED.[Id], i._Position;
2026-04-27 12:32:00.078 [INF] Seeded 15 demo news articles.
2026-04-27 12:32:00.082 [INF] Executed DbCommand (3ms) [Parameters=[], CommandType='"Text"', CommandTimeout='30']
SELECT CASE
    WHEN EXISTS (
        SELECT 1
        FROM [BlogPosts] AS [b]) THEN CAST(1 AS bit)
    ELSE CAST(0 AS bit)
END
2026-04-27 12:32:00.097 [INF] Executed DbCommand (3ms) [Parameters=[], CommandType='"Text"', CommandTimeout='30']
SELECT TOP(1) [u].[Id], [u].[CreatedAt], [u].[DateOfBirth], [u].[Email], [u].[FirstName], [u].[IsActive], [u].[IsEmailVerified], [u].[LastName], [u].[PasswordHash], [u].[PhoneNumber], [u].[Role], [u].[UpdatedAt]
FROM [Users] AS [u]
WHERE [u].[Role] = N'Admin'
2026-04-27 12:32:00.137 [INF] Executed DbCommand (15ms) [Parameters=[@p0='?' (DbType = Int32), @p1='?' (DbType = Int32), @p2='?' (Size = 4000), @p3='?' (DbType = DateTime2), @p4='?' (DbType = Boolean), @p5='?' (DbType = DateTime2), @p6='?' (Size = 400), @p7='?' (Size = 600), @p8='?' (Size = 500), @p9='?' (Size = 512), @p10='?' (Size = 300), @p11='?' (DbType = DateTime2), @p12='?' (DbType = Int32), @p13='?' (DbType = Int32), @p14='?' (DbType = Int32), @p15='?' (Size = 4000), @p16='?' (DbType = DateTime2), @p17='?' (DbType = Boolean), @p18='?' (DbType = DateTime2), @p19='?' (Size = 400), @p20='?' (Size = 600), @p21='?' (Size = 500), @p22='?' (Size = 512), @p23='?' (Size = 300), @p24='?' (DbType = DateTime2), @p25='?' (DbType = Int32), @p26='?' (DbType = Int32), @p27='?' (DbType = Int32), @p28='?' (Size = 4000), @p29='?' (DbType = DateTime2), @p30='?' (DbType = Boolean), @p31='?' (DbType = DateTime2), @p32='?' (Size = 400), @p33='?' (Size = 600), @p34='?' (Size = 500), @p35='?' (Size = 512), @p36='?' (Size = 300), @p37='?' (DbType = DateTime2), @p38='?' (DbType = Int32), @p39='?' (DbType = Int32), @p40='?' (DbType = Int32), @p41='?' (Size = 4000), @p42='?' (DbType = DateTime2), @p43='?' (DbType = Boolean), @p44='?' (DbType = DateTime2), @p45='?' (Size = 400), @p46='?' (Size = 600), @p47='?' (Size = 500), @p48='?' (Size = 512), @p49='?' (Size = 300), @p50='?' (DbType = DateTime2), @p51='?' (DbType = Int32), @p52='?' (DbType = Int32), @p53='?' (DbType = Int32), @p54='?' (Size = 4000), @p55='?' (DbType = DateTime2), @p56='?' (DbType = Boolean), @p57='?' (DbType = DateTime2), @p58='?' (Size = 400), @p59='?' (Size = 600), @p60='?' (Size = 500), @p61='?' (Size = 512), @p62='?' (Size = 300), @p63='?' (DbType = DateTime2), @p64='?' (DbType = Int32), @p65='?' (DbType = Int32), @p66='?' (DbType = Int32), @p67='?' (Size = 4000), @p68='?' (DbType = DateTime2), @p69='?' (DbType = Boolean), @p70='?' (DbType = DateTime2), @p71='?' (Size = 400), @p72='?' (Size = 600), @p73='?' (Size = 500), @p74='?' (Size = 512), @p75='?' (Size = 300), @p76='?' (DbType = DateTime2), @p77='?' (DbType = Int32), @p78='?' (DbType = Int32), @p79='?' (DbType = Int32), @p80='?' (Size = 4000), @p81='?' (DbType = DateTime2), @p82='?' (DbType = Boolean), @p83='?' (DbType = DateTime2), @p84='?' (Size = 400), @p85='?' (Size = 600), @p86='?' (Size = 500), @p87='?' (Size = 512), @p88='?' (Size = 300), @p89='?' (DbType = DateTime2), @p90='?' (DbType = Int32), @p91='?' (DbType = Int32), @p92='?' (DbType = Int32), @p93='?' (Size = 4000), @p94='?' (DbType = DateTime2), @p95='?' (DbType = Boolean), @p96='?' (DbType = DateTime2), @p97='?' (Size = 400), @p98='?' (Size = 600), @p99='?' (Size = 500), @p100='?' (Size = 512), @p101='?' (Size = 300), @p102='?' (DbType = DateTime2), @p103='?' (DbType = Int32), @p104='?' (DbType = Int32), @p105='?' (DbType = Int32), @p106='?' (Size = 4000), @p107='?' (DbType = DateTime2), @p108='?' (DbType = Boolean), @p109='?' (DbType = DateTime2), @p110='?' (Size = 400), @p111='?' (Size = 600), @p112='?' (Size = 500), @p113='?' (Size = 512), @p114='?' (Size = 300), @p115='?' (DbType = DateTime2), @p116='?' (DbType = Int32), @p117='?' (DbType = Int32), @p118='?' (DbType = Int32), @p119='?' (Size = 4000), @p120='?' (DbType = DateTime2), @p121='?' (DbType = Boolean), @p122='?' (DbType = DateTime2), @p123='?' (Size = 400), @p124='?' (Size = 600), @p125='?' (Size = 500), @p126='?' (Size = 512), @p127='?' (Size = 300), @p128='?' (DbType = DateTime2), @p129='?' (DbType = Int32), @p130='?' (DbType = Int32), @p131='?' (DbType = Int32), @p132='?' (Size = 4000), @p133='?' (DbType = DateTime2), @p134='?' (DbType = Boolean), @p135='?' (DbType = DateTime2), @p136='?' (Size = 400), @p137='?' (Size = 600), @p138='?' (Size = 500), @p139='?' (Size = 512), @p140='?' (Size = 300), @p141='?' (DbType = DateTime2), @p142='?' (DbType = Int32), @p143='?' (DbType = Int32), @p144='?' (DbType = Int32), @p145='?' (Size = 4000), @p146='?' (DbType = DateTime2), @p147='?' (DbType = Boolean), @p148='?' (DbType = DateTime2), @p149='?' (Size = 400), @p150='?' (Size = 600), @p151='?' (Size = 500), @p152='?' (Size = 512), @p153='?' (Size = 300), @p154='?' (DbType = DateTime2), @p155='?' (DbType = Int32), @p156='?' (DbType = Int32), @p157='?' (DbType = Int32), @p158='?' (Size = 4000), @p159='?' (DbType = DateTime2), @p160='?' (DbType = Boolean), @p161='?' (DbType = DateTime2), @p162='?' (Size = 400), @p163='?' (Size = 600), @p164='?' (Size = 500), @p165='?' (Size = 512), @p166='?' (Size = 300), @p167='?' (DbType = DateTime2), @p168='?' (DbType = Int32), @p169='?' (DbType = Int32), @p170='?' (DbType = Int32), @p171='?' (Size = 4000), @p172='?' (DbType = DateTime2), @p173='?' (DbType = Boolean), @p174='?' (DbType = DateTime2), @p175='?' (Size = 400), @p176='?' (Size = 600), @p177='?' (Size = 500), @p178='?' (Size = 512), @p179='?' (Size = 300), @p180='?' (DbType = DateTime2), @p181='?' (DbType = Int32), @p182='?' (DbType = Int32), @p183='?' (DbType = Int32), @p184='?' (Size = 4000), @p185='?' (DbType = DateTime2), @p186='?' (DbType = Boolean), @p187='?' (DbType = DateTime2), @p188='?' (Size = 400), @p189='?' (Size = 600), @p190='?' (Size = 500), @p191='?' (Size = 512), @p192='?' (Size = 300), @p193='?' (DbType = DateTime2), @p194='?' (DbType = Int32)], CommandType='"Text"', CommandTimeout='30']
SET IMPLICIT_TRANSACTIONS OFF;
SET NOCOUNT ON;
MERGE [BlogPosts] USING (
VALUES (@p0, @p1, @p2, @p3, @p4, @p5, @p6, @p7, @p8, @p9, @p10, @p11, @p12, 0),
(@p13, @p14, @p15, @p16, @p17, @p18, @p19, @p20, @p21, @p22, @p23, @p24, @p25, 1),
(@p26, @p27, @p28, @p29, @p30, @p31, @p32, @p33, @p34, @p35, @p36, @p37, @p38, 2),
(@p39, @p40, @p41, @p42, @p43, @p44, @p45, @p46, @p47, @p48, @p49, @p50, @p51, 3),
(@p52, @p53, @p54, @p55, @p56, @p57, @p58, @p59, @p60, @p61, @p62, @p63, @p64, 4),
(@p65, @p66, @p67, @p68, @p69, @p70, @p71, @p72, @p73, @p74, @p75, @p76, @p77, 5),
(@p78, @p79, @p80, @p81, @p82, @p83, @p84, @p85, @p86, @p87, @p88, @p89, @p90, 6),
(@p91, @p92, @p93, @p94, @p95, @p96, @p97, @p98, @p99, @p100, @p101, @p102, @p103, 7),
(@p104, @p105, @p106, @p107, @p108, @p109, @p110, @p111, @p112, @p113, @p114, @p115, @p116, 8),
(@p117, @p118, @p119, @p120, @p121, @p122, @p123, @p124, @p125, @p126, @p127, @p128, @p129, 9),
(@p130, @p131, @p132, @p133, @p134, @p135, @p136, @p137, @p138, @p139, @p140, @p141, @p142, 10),
(@p143, @p144, @p145, @p146, @p147, @p148, @p149, @p150, @p151, @p152, @p153, @p154, @p155, 11),
(@p156, @p157, @p158, @p159, @p160, @p161, @p162, @p163, @p164, @p165, @p166, @p167, @p168, 12),
(@p169, @p170, @p171, @p172, @p173, @p174, @p175, @p176, @p177, @p178, @p179, @p180, @p181, 13),
(@p182, @p183, @p184, @p185, @p186, @p187, @p188, @p189, @p190, @p191, @p192, @p193, @p194, 14)) AS i ([AuthorId], [CategoryId], [Content], [CreatedAt], [IsPublished], [PublishedAt], [Slug], [Summary], [Tags], [ThumbnailUrl], [Title], [UpdatedAt], [ViewCount], _Position) ON 1=0
WHEN NOT MATCHED THEN
INSERT ([AuthorId], [CategoryId], [Content], [CreatedAt], [IsPublished], [PublishedAt], [Slug], [Summary], [Tags], [ThumbnailUrl], [Title], [UpdatedAt], [ViewCount])
VALUES (i.[AuthorId], i.[CategoryId], i.[Content], i.[CreatedAt], i.[IsPublished], i.[PublishedAt], i.[Slug], i.[Summary], i.[Tags], i.[ThumbnailUrl], i.[Title], i.[UpdatedAt], i.[ViewCount])
OUTPUT INSERTED.[Id], i._Position;
2026-04-27 12:32:00.138 [INF] Seeded 15 demo blog posts.
2026-04-27 12:32:00.191 [INF] Now listening on: http://localhost:5001
2026-04-27 12:32:00.191 [INF] Application started. Press Ctrl+C to shut down.
2026-04-27 12:32:00.191 [INF] Hosting environment: Development
2026-04-27 12:32:00.191 [INF] Content root path: /Users/dinhtanloc/Projects/MGSPlus/src/backend
2026-04-27 12:32:07.300 [INF] Executed DbCommand (6ms) [Parameters=[@__p_0='?' (DbType = Int32)], CommandType='"Text"', CommandTimeout='30']
SELECT TOP(1) [u].[Id], [u].[CreatedAt], [u].[DateOfBirth], [u].[Email], [u].[FirstName], [u].[IsActive], [u].[IsEmailVerified], [u].[LastName], [u].[PasswordHash], [u].[PhoneNumber], [u].[Role], [u].[UpdatedAt]
FROM [Users] AS [u]
WHERE [u].[Id] = @__p_0
2026-04-27 12:32:07.327 [INF] HTTP GET /api/auth/me responded 200 in 95.5830 ms
2026-04-27 12:32:07.371 [INF] Executed DbCommand (4ms) [Parameters=[], CommandType='"Text"', CommandTimeout='30']
SELECT COUNT(*)
FROM [BlogPosts] AS [b]
WHERE [b].[IsPublished] = CAST(1 AS bit)
2026-04-27 12:32:07.397 [INF] Executed DbCommand (24ms) [Parameters=[], CommandType='"Text"', CommandTimeout='30']
SELECT [b].[Id], [b].[Name], [b].[Slug], [b].[Description], (
    SELECT COUNT(*)
    FROM [BlogPosts] AS [b0]
    WHERE [b].[Id] = [b0].[CategoryId] AND [b0].[IsPublished] = CAST(1 AS bit)) AS [PostCount]
FROM [BlogCategories] AS [b]
2026-04-27 12:32:07.400 [INF] HTTP GET /api/blog/categories responded 200 in 62.1841 ms
2026-04-27 12:32:07.404 [INF] Executed DbCommand (7ms) [Parameters=[@__p_0='?' (DbType = Int32), @__p_1='?' (DbType = Int32)], CommandType='"Text"', CommandTimeout='30']
SELECT [b0].[Id], [b0].[Title], [b0].[Slug], [b0].[Summary], [b0].[ThumbnailUrl], [b0].[Tags], [b0].[ViewCount], [u].[FirstName] + N' ' + [u].[LastName], [b1].[Name], [b0].[PublishedAt]
FROM (
    SELECT [b].[Id], [b].[AuthorId], [b].[CategoryId], [b].[PublishedAt], [b].[Slug], [b].[Summary], [b].[Tags], [b].[ThumbnailUrl], [b].[Title], [b].[ViewCount]
    FROM [BlogPosts] AS [b]
    WHERE [b].[IsPublished] = CAST(1 AS bit)
    ORDER BY [b].[PublishedAt] DESC
    OFFSET @__p_0 ROWS FETCH NEXT @__p_1 ROWS ONLY
) AS [b0]
INNER JOIN [Users] AS [u] ON [b0].[AuthorId] = [u].[Id]
LEFT JOIN [BlogCategories] AS [b1] ON [b0].[CategoryId] = [b1].[Id]
ORDER BY [b0].[PublishedAt] DESC
2026-04-27 12:32:07.409 [INF] HTTP GET /api/blog responded 200 in 71.0918 ms
2026-04-27 12:32:39.923 [INF] Application is shutting down...
2026-04-27 12:32:42.641 [INF] Executed DbCommand (7ms) [Parameters=[], CommandType='"Text"', CommandTimeout='30']
SELECT 1
2026-04-27 12:32:42.656 [INF] Acquiring an exclusive lock for migration application. See https://aka.ms/efcore-docs-migrations-lock for more information if this takes too long.
2026-04-27 12:32:42.663 [INF] Executed DbCommand (7ms) [Parameters=[], CommandType='"Text"', CommandTimeout='30']
DECLARE @result int;
EXEC @result = sp_getapplock @Resource = '__EFMigrationsLock', @LockOwner = 'Session', @LockMode = 'Exclusive';
SELECT @result
2026-04-27 12:32:42.683 [INF] Executed DbCommand (3ms) [Parameters=[], CommandType='"Text"', CommandTimeout='30']
IF OBJECT_ID(N'[__EFMigrationsHistory]') IS NULL
BEGIN
    CREATE TABLE [__EFMigrationsHistory] (
        [MigrationId] nvarchar(150) NOT NULL,
        [ProductVersion] nvarchar(32) NOT NULL,
        CONSTRAINT [PK___EFMigrationsHistory] PRIMARY KEY ([MigrationId])
    );
END;
2026-04-27 12:32:42.688 [INF] Executed DbCommand (2ms) [Parameters=[], CommandType='"Text"', CommandTimeout='30']
SELECT 1
2026-04-27 12:32:42.689 [INF] Executed DbCommand (1ms) [Parameters=[], CommandType='"Text"', CommandTimeout='30']
SELECT OBJECT_ID(N'[__EFMigrationsHistory]');
2026-04-27 12:32:42.691 [INF] Executed DbCommand (1ms) [Parameters=[], CommandType='"Text"', CommandTimeout='30']
SELECT [MigrationId], [ProductVersion]
FROM [__EFMigrationsHistory]
ORDER BY [MigrationId];
2026-04-27 12:32:42.695 [INF] No migrations were applied. The database is already up to date.
2026-04-27 12:32:42.698 [INF] Executed DbCommand (1ms) [Parameters=[], CommandType='"Text"', CommandTimeout='30']
DECLARE @result int;
EXEC @result = sp_releaseapplock @Resource = '__EFMigrationsLock', @LockOwner = 'Session';
SELECT @result
2026-04-27 12:32:42.773 [INF] Executed DbCommand (2ms) [Parameters=[], CommandType='"Text"', CommandTimeout='30']
SELECT CASE
    WHEN EXISTS (
        SELECT 1
        FROM [Users] AS [u]
        WHERE [u].[Role] = N'Admin') THEN CAST(1 AS bit)
    ELSE CAST(0 AS bit)
END
2026-04-27 12:32:42.780 [INF] Executed DbCommand (5ms) [Parameters=[], CommandType='"Text"', CommandTimeout='30']
SELECT CASE
    WHEN EXISTS (
        SELECT 1
        FROM [News] AS [n]) THEN CAST(1 AS bit)
    ELSE CAST(0 AS bit)
END
2026-04-27 12:32:42.785 [INF] Executed DbCommand (4ms) [Parameters=[], CommandType='"Text"', CommandTimeout='30']
SELECT CASE
    WHEN EXISTS (
        SELECT 1
        FROM [BlogPosts] AS [b]) THEN CAST(1 AS bit)
    ELSE CAST(0 AS bit)
END
2026-04-27 12:32:42.841 [INF] Now listening on: http://localhost:5001
2026-04-27 12:32:42.842 [INF] Application started. Press Ctrl+C to shut down.
2026-04-27 12:32:42.842 [INF] Hosting environment: Development
2026-04-27 12:32:42.842 [INF] Content root path: /Users/dinhtanloc/Projects/MGSPlus/src/backend
2026-04-27 12:32:54.311 [INF] Executed DbCommand (10ms) [Parameters=[@__p_0='?' (DbType = Int32)], CommandType='"Text"', CommandTimeout='30']
SELECT TOP(1) [u].[Id], [u].[CreatedAt], [u].[DateOfBirth], [u].[Email], [u].[FirstName], [u].[IsActive], [u].[IsEmailVerified], [u].[LastName], [u].[PasswordHash], [u].[PhoneNumber], [u].[Role], [u].[UpdatedAt]
FROM [Users] AS [u]
WHERE [u].[Id] = @__p_0
2026-04-27 12:32:54.347 [INF] HTTP GET /api/auth/me responded 200 in 124.6546 ms
2026-04-27 12:32:54.389 [INF] Executed DbCommand (2ms) [Parameters=[], CommandType='"Text"', CommandTimeout='30']
SELECT COUNT(*)
FROM [BlogPosts] AS [b]
WHERE [b].[IsPublished] = CAST(1 AS bit)
2026-04-27 12:32:54.394 [INF] Executed DbCommand (2ms) [Parameters=[], CommandType='"Text"', CommandTimeout='30']
SELECT [b].[Id], [b].[Name], [b].[Slug], [b].[Description], (
    SELECT COUNT(*)
    FROM [BlogPosts] AS [b0]
    WHERE [b].[Id] = [b0].[CategoryId] AND [b0].[IsPublished] = CAST(1 AS bit)) AS [PostCount]
FROM [BlogCategories] AS [b]
2026-04-27 12:32:54.398 [INF] HTTP GET /api/blog/categories responded 200 in 38.3282 ms
2026-04-27 12:32:54.404 [INF] Executed DbCommand (3ms) [Parameters=[@__p_0='?' (DbType = Int32), @__p_1='?' (DbType = Int32)], CommandType='"Text"', CommandTimeout='30']
SELECT [b0].[Id], [b0].[Title], [b0].[Slug], [b0].[Summary], [b0].[ThumbnailUrl], [b0].[Tags], [b0].[ViewCount], [u].[FirstName] + N' ' + [u].[LastName], [b1].[Name], [b0].[PublishedAt]
FROM (
    SELECT [b].[Id], [b].[AuthorId], [b].[CategoryId], [b].[PublishedAt], [b].[Slug], [b].[Summary], [b].[Tags], [b].[ThumbnailUrl], [b].[Title], [b].[ViewCount]
    FROM [BlogPosts] AS [b]
    WHERE [b].[IsPublished] = CAST(1 AS bit)
    ORDER BY [b].[PublishedAt] DESC
    OFFSET @__p_0 ROWS FETCH NEXT @__p_1 ROWS ONLY
) AS [b0]
INNER JOIN [Users] AS [u] ON [b0].[AuthorId] = [u].[Id]
LEFT JOIN [BlogCategories] AS [b1] ON [b0].[CategoryId] = [b1].[Id]
ORDER BY [b0].[PublishedAt] DESC
2026-04-27 12:32:54.410 [INF] HTTP GET /api/blog responded 200 in 51.4974 ms
2026-04-27 12:33:46.566 [INF] Application is shutting down...
2026-04-27 12:33:50.629 [INF] Executed DbCommand (6ms) [Parameters=[], CommandType='"Text"', CommandTimeout='30']
SELECT 1
2026-04-27 12:33:50.645 [INF] Acquiring an exclusive lock for migration application. See https://aka.ms/efcore-docs-migrations-lock for more information if this takes too long.
2026-04-27 12:33:50.655 [INF] Executed DbCommand (9ms) [Parameters=[], CommandType='"Text"', CommandTimeout='30']
DECLARE @result int;
EXEC @result = sp_getapplock @Resource = '__EFMigrationsLock', @LockOwner = 'Session', @LockMode = 'Exclusive';
SELECT @result
2026-04-27 12:33:50.677 [INF] Executed DbCommand (3ms) [Parameters=[], CommandType='"Text"', CommandTimeout='30']
IF OBJECT_ID(N'[__EFMigrationsHistory]') IS NULL
BEGIN
    CREATE TABLE [__EFMigrationsHistory] (
        [MigrationId] nvarchar(150) NOT NULL,
        [ProductVersion] nvarchar(32) NOT NULL,
        CONSTRAINT [PK___EFMigrationsHistory] PRIMARY KEY ([MigrationId])
    );
END;
2026-04-27 12:33:50.682 [INF] Executed DbCommand (1ms) [Parameters=[], CommandType='"Text"', CommandTimeout='30']
SELECT 1
2026-04-27 12:33:50.684 [INF] Executed DbCommand (1ms) [Parameters=[], CommandType='"Text"', CommandTimeout='30']
SELECT OBJECT_ID(N'[__EFMigrationsHistory]');
2026-04-27 12:33:50.687 [INF] Executed DbCommand (2ms) [Parameters=[], CommandType='"Text"', CommandTimeout='30']
SELECT [MigrationId], [ProductVersion]
FROM [__EFMigrationsHistory]
ORDER BY [MigrationId];
2026-04-27 12:33:50.690 [INF] No migrations were applied. The database is already up to date.
2026-04-27 12:33:50.694 [INF] Executed DbCommand (1ms) [Parameters=[], CommandType='"Text"', CommandTimeout='30']
DECLARE @result int;
EXEC @result = sp_releaseapplock @Resource = '__EFMigrationsLock', @LockOwner = 'Session';
SELECT @result
2026-04-27 12:33:50.775 [INF] Executed DbCommand (3ms) [Parameters=[], CommandType='"Text"', CommandTimeout='30']
SELECT CASE
    WHEN EXISTS (
        SELECT 1
        FROM [Users] AS [u]
        WHERE [u].[Role] = N'Admin') THEN CAST(1 AS bit)
    ELSE CAST(0 AS bit)
END
2026-04-27 12:33:50.834 [INF] Now listening on: http://localhost:5001
2026-04-27 12:33:50.834 [INF] Application started. Press Ctrl+C to shut down.
2026-04-27 12:33:50.834 [INF] Hosting environment: Development
2026-04-27 12:33:50.834 [INF] Content root path: /Users/dinhtanloc/Projects/MGSPlus/src/backend
2026-04-27 12:33:56.986 [INF] Executed DbCommand (11ms) [Parameters=[@__p_0='?' (DbType = Int32)], CommandType='"Text"', CommandTimeout='30']
SELECT TOP(1) [u].[Id], [u].[CreatedAt], [u].[DateOfBirth], [u].[Email], [u].[FirstName], [u].[IsActive], [u].[IsEmailVerified], [u].[LastName], [u].[PasswordHash], [u].[PhoneNumber], [u].[Role], [u].[UpdatedAt]
FROM [Users] AS [u]
WHERE [u].[Id] = @__p_0
2026-04-27 12:33:57.019 [INF] HTTP GET /api/auth/me responded 200 in 138.6899 ms
2026-04-27 12:33:57.059 [INF] Executed DbCommand (2ms) [Parameters=[], CommandType='"Text"', CommandTimeout='30']
SELECT COUNT(*)
FROM [BlogPosts] AS [b]
WHERE [b].[IsPublished] = CAST(1 AS bit)
2026-04-27 12:33:57.066 [INF] Executed DbCommand (3ms) [Parameters=[], CommandType='"Text"', CommandTimeout='30']
SELECT [b].[Id], [b].[Name], [b].[Slug], [b].[Description], (
    SELECT COUNT(*)
    FROM [BlogPosts] AS [b0]
    WHERE [b].[Id] = [b0].[CategoryId] AND [b0].[IsPublished] = CAST(1 AS bit)) AS [PostCount]
FROM [BlogCategories] AS [b]
2026-04-27 12:33:57.068 [INF] HTTP GET /api/blog/categories responded 200 in 38.3201 ms
2026-04-27 12:33:57.073 [INF] Executed DbCommand (4ms) [Parameters=[@__p_0='?' (DbType = Int32), @__p_1='?' (DbType = Int32)], CommandType='"Text"', CommandTimeout='30']
SELECT [b0].[Id], [b0].[Title], [b0].[Slug], [b0].[Summary], [b0].[ThumbnailUrl], [b0].[Tags], [b0].[ViewCount], [u].[FirstName] + N' ' + [u].[LastName], [b1].[Name], [b0].[PublishedAt]
FROM (
    SELECT [b].[Id], [b].[AuthorId], [b].[CategoryId], [b].[PublishedAt], [b].[Slug], [b].[Summary], [b].[Tags], [b].[ThumbnailUrl], [b].[Title], [b].[ViewCount]
    FROM [BlogPosts] AS [b]
    WHERE [b].[IsPublished] = CAST(1 AS bit)
    ORDER BY [b].[PublishedAt] DESC
    OFFSET @__p_0 ROWS FETCH NEXT @__p_1 ROWS ONLY
) AS [b0]
INNER JOIN [Users] AS [u] ON [b0].[AuthorId] = [u].[Id]
LEFT JOIN [BlogCategories] AS [b1] ON [b0].[CategoryId] = [b1].[Id]
ORDER BY [b0].[PublishedAt] DESC
2026-04-27 12:33:57.077 [INF] HTTP GET /api/blog responded 200 in 47.1533 ms
2026-04-27 12:33:57.861 [INF] Executed DbCommand (2ms) [Parameters=[@__p_0='?' (DbType = Int32)], CommandType='"Text"', CommandTimeout='30']
SELECT TOP(1) [u].[Id], [u].[CreatedAt], [u].[DateOfBirth], [u].[Email], [u].[FirstName], [u].[IsActive], [u].[IsEmailVerified], [u].[LastName], [u].[PasswordHash], [u].[PhoneNumber], [u].[Role], [u].[UpdatedAt]
FROM [Users] AS [u]
WHERE [u].[Id] = @__p_0
2026-04-27 12:33:57.863 [INF] HTTP GET /api/auth/me responded 200 in 14.1661 ms
2026-04-27 12:33:57.918 [INF] Executed DbCommand (2ms) [Parameters=[], CommandType='"Text"', CommandTimeout='30']
SELECT COUNT(*)
FROM [BlogPosts] AS [b]
WHERE [b].[IsPublished] = CAST(1 AS bit)
2026-04-27 12:33:57.922 [INF] Executed DbCommand (2ms) [Parameters=[@__p_0='?' (DbType = Int32), @__p_1='?' (DbType = Int32)], CommandType='"Text"', CommandTimeout='30']
SELECT [b0].[Id], [b0].[Title], [b0].[Slug], [b0].[Summary], [b0].[ThumbnailUrl], [b0].[Tags], [b0].[ViewCount], [u].[FirstName] + N' ' + [u].[LastName], [b1].[Name], [b0].[PublishedAt]
FROM (
    SELECT [b].[Id], [b].[AuthorId], [b].[CategoryId], [b].[PublishedAt], [b].[Slug], [b].[Summary], [b].[Tags], [b].[ThumbnailUrl], [b].[Title], [b].[ViewCount]
    FROM [BlogPosts] AS [b]
    WHERE [b].[IsPublished] = CAST(1 AS bit)
    ORDER BY [b].[PublishedAt] DESC
    OFFSET @__p_0 ROWS FETCH NEXT @__p_1 ROWS ONLY
) AS [b0]
INNER JOIN [Users] AS [u] ON [b0].[AuthorId] = [u].[Id]
LEFT JOIN [BlogCategories] AS [b1] ON [b0].[CategoryId] = [b1].[Id]
ORDER BY [b0].[PublishedAt] DESC
2026-04-27 12:33:57.923 [INF] HTTP GET /api/blog responded 200 in 9.2972 ms
2026-04-27 12:33:57.943 [INF] Executed DbCommand (1ms) [Parameters=[], CommandType='"Text"', CommandTimeout='30']
SELECT [b].[Id], [b].[Name], [b].[Slug], [b].[Description], (
    SELECT COUNT(*)
    FROM [BlogPosts] AS [b0]
    WHERE [b].[Id] = [b0].[CategoryId] AND [b0].[IsPublished] = CAST(1 AS bit)) AS [PostCount]
FROM [BlogCategories] AS [b]
2026-04-27 12:33:57.943 [INF] HTTP GET /api/blog/categories responded 200 in 29.7474 ms
2026-04-27 12:34:01.008 [INF] Executed DbCommand (6ms) [Parameters=[], CommandType='"Text"', CommandTimeout='30']
SELECT [b].[Id], [b].[Name], [b].[Slug], [b].[Description], (
    SELECT COUNT(*)
    FROM [BlogPosts] AS [b0]
    WHERE [b].[Id] = [b0].[CategoryId] AND [b0].[IsPublished] = CAST(1 AS bit)) AS [PostCount]
FROM [BlogCategories] AS [b]
2026-04-27 12:34:01.008 [INF] Executed DbCommand (6ms) [Parameters=[], CommandType='"Text"', CommandTimeout='30']
SELECT COUNT(*)
FROM [BlogPosts] AS [b]
WHERE [b].[IsPublished] = CAST(1 AS bit)
2026-04-27 12:34:01.008 [INF] HTTP GET /api/blog/categories responded 200 in 7.3580 ms
2026-04-27 12:34:01.011 [INF] Executed DbCommand (3ms) [Parameters=[@__p_0='?' (DbType = Int32), @__p_1='?' (DbType = Int32)], CommandType='"Text"', CommandTimeout='30']
SELECT [b0].[Id], [b0].[Title], [b0].[Slug], [b0].[Summary], [b0].[ThumbnailUrl], [b0].[Tags], [b0].[ViewCount], [u].[FirstName] + N' ' + [u].[LastName], [b1].[Name], [b0].[PublishedAt]
FROM (
    SELECT [b].[Id], [b].[AuthorId], [b].[CategoryId], [b].[PublishedAt], [b].[Slug], [b].[Summary], [b].[Tags], [b].[ThumbnailUrl], [b].[Title], [b].[ViewCount]
    FROM [BlogPosts] AS [b]
    WHERE [b].[IsPublished] = CAST(1 AS bit)
    ORDER BY [b].[PublishedAt] DESC
    OFFSET @__p_0 ROWS FETCH NEXT @__p_1 ROWS ONLY
) AS [b0]
INNER JOIN [Users] AS [u] ON [b0].[AuthorId] = [u].[Id]
LEFT JOIN [BlogCategories] AS [b1] ON [b0].[CategoryId] = [b1].[Id]
ORDER BY [b0].[PublishedAt] DESC
2026-04-27 12:34:01.013 [INF] HTTP GET /api/blog responded 200 in 12.7137 ms
2026-04-27 12:34:01.552 [INF] Executed DbCommand (2ms) [Parameters=[], CommandType='"Text"', CommandTimeout='30']
SELECT COUNT(*)
FROM [News] AS [n]
WHERE [n].[IsPublished] = CAST(1 AS bit)
2026-04-27 12:34:01.566 [INF] Executed DbCommand (15ms) [Parameters=[], CommandType='"Text"', CommandTimeout='30']
SELECT [n].[Id], [n].[Name], [n].[Slug], (
    SELECT COUNT(*)
    FROM [News] AS [n0]
    WHERE [n].[Id] = [n0].[CategoryId] AND [n0].[IsPublished] = CAST(1 AS bit)) AS [Count]
FROM [NewsCategories] AS [n]
2026-04-27 12:34:01.568 [INF] HTTP GET /api/news/categories responded 200 in 26.6220 ms
2026-04-27 12:34:01.568 [INF] Executed DbCommand (11ms) [Parameters=[@__p_0='?' (DbType = Int32), @__p_1='?' (DbType = Int32)], CommandType='"Text"', CommandTimeout='30']
SELECT [n1].[Id], [n1].[Title], [n1].[Summary], [n1].[ImageUrl], [n1].[Source], [n0].[Name], [n1].[ViewCount], [n1].[PublishedAt]
FROM (
    SELECT [n].[Id], [n].[CategoryId], [n].[ImageUrl], [n].[PublishedAt], [n].[Source], [n].[Summary], [n].[Title], [n].[ViewCount]
    FROM [News] AS [n]
    WHERE [n].[IsPublished] = CAST(1 AS bit)
    ORDER BY [n].[PublishedAt] DESC
    OFFSET @__p_0 ROWS FETCH NEXT @__p_1 ROWS ONLY
) AS [n1]
LEFT JOIN [NewsCategories] AS [n0] ON [n1].[CategoryId] = [n0].[Id]
ORDER BY [n1].[PublishedAt] DESC
2026-04-27 12:34:01.570 [INF] HTTP GET /api/news responded 200 in 28.6606 ms
2026-04-27 12:34:18.426 [INF] Executed DbCommand (3ms) [Parameters=[], CommandType='"Text"', CommandTimeout='30']
SELECT [b].[Id], [b].[Name], [b].[Slug], [b].[Description], (
    SELECT COUNT(*)
    FROM [BlogPosts] AS [b0]
    WHERE [b].[Id] = [b0].[CategoryId] AND [b0].[IsPublished] = CAST(1 AS bit)) AS [PostCount]
FROM [BlogCategories] AS [b]
2026-04-27 12:34:18.426 [INF] Executed DbCommand (3ms) [Parameters=[], CommandType='"Text"', CommandTimeout='30']
SELECT COUNT(*)
FROM [BlogPosts] AS [b]
WHERE [b].[IsPublished] = CAST(1 AS bit)
2026-04-27 12:34:18.427 [INF] HTTP GET /api/blog/categories responded 200 in 8.7118 ms
2026-04-27 12:34:18.429 [INF] Executed DbCommand (2ms) [Parameters=[@__p_0='?' (DbType = Int32), @__p_1='?' (DbType = Int32)], CommandType='"Text"', CommandTimeout='30']
SELECT [b0].[Id], [b0].[Title], [b0].[Slug], [b0].[Summary], [b0].[ThumbnailUrl], [b0].[Tags], [b0].[ViewCount], [u].[FirstName] + N' ' + [u].[LastName], [b1].[Name], [b0].[PublishedAt]
FROM (
    SELECT [b].[Id], [b].[AuthorId], [b].[CategoryId], [b].[PublishedAt], [b].[Slug], [b].[Summary], [b].[Tags], [b].[ThumbnailUrl], [b].[Title], [b].[ViewCount]
    FROM [BlogPosts] AS [b]
    WHERE [b].[IsPublished] = CAST(1 AS bit)
    ORDER BY [b].[PublishedAt] DESC
    OFFSET @__p_0 ROWS FETCH NEXT @__p_1 ROWS ONLY
) AS [b0]
INNER JOIN [Users] AS [u] ON [b0].[AuthorId] = [u].[Id]
LEFT JOIN [BlogCategories] AS [b1] ON [b0].[CategoryId] = [b1].[Id]
ORDER BY [b0].[PublishedAt] DESC
2026-04-27 12:34:18.430 [INF] HTTP GET /api/blog responded 200 in 11.8110 ms
2026-04-27 12:34:19.954 [INF] Executed DbCommand (7ms) [Parameters=[], CommandType='"Text"', CommandTimeout='30']
SELECT [d].[Id], [d].[Specialty], [d].[Bio], [d].[ConsultationFee], [d].[Rating], [d].[ReviewCount], [u].[FirstName] + N' ' + [u].[LastName] AS [Name], [u].[Email]
FROM [Doctors] AS [d]
INNER JOIN [Users] AS [u] ON [d].[UserId] = [u].[Id]
WHERE [d].[IsAvailable] = CAST(1 AS bit)
2026-04-27 12:34:19.956 [INF] HTTP GET /api/appointments/doctors responded 200 in 13.9852 ms
2026-04-27 12:34:20.933 [INF] Executed DbCommand (10ms) [Parameters=[@__p_1='?' (DbType = Int32), @__userId_0='?' (DbType = Int32)], CommandType='"Text"', CommandTimeout='30']
SELECT TOP(@__p_1) [c].[Id], [c].[Title], [c].[SessionType], (
    SELECT COUNT(*)
    FROM [ChatMessages] AS [c0]
    WHERE [c].[Id] = [c0].[SessionId]), [c].[CreatedAt], [c].[UpdatedAt]
FROM [ChatSessions] AS [c]
WHERE [c].[UserId] = @__userId_0
ORDER BY [c].[UpdatedAt] DESC
2026-04-27 12:34:20.934 [INF] HTTP GET /api/chatbot/sessions responded 200 in 19.0428 ms
2026-04-27 12:34:22.121 [INF] Executed DbCommand (5ms) [Parameters=[], CommandType='"Text"', CommandTimeout='30']
SELECT COUNT(*)
FROM [News] AS [n]
WHERE [n].[IsPublished] = CAST(1 AS bit)
2026-04-27 12:34:22.126 [INF] Executed DbCommand (3ms) [Parameters=[@__p_0='?' (DbType = Int32), @__p_1='?' (DbType = Int32)], CommandType='"Text"', CommandTimeout='30']
SELECT [n1].[Id], [n1].[Title], [n1].[Summary], [n1].[ImageUrl], [n1].[Source], [n0].[Name], [n1].[ViewCount], [n1].[PublishedAt]
FROM (
    SELECT [n].[Id], [n].[CategoryId], [n].[ImageUrl], [n].[PublishedAt], [n].[Source], [n].[Summary], [n].[Title], [n].[ViewCount]
    FROM [News] AS [n]
    WHERE [n].[IsPublished] = CAST(1 AS bit)
    ORDER BY [n].[PublishedAt] DESC
    OFFSET @__p_0 ROWS FETCH NEXT @__p_1 ROWS ONLY
) AS [n1]
LEFT JOIN [NewsCategories] AS [n0] ON [n1].[CategoryId] = [n0].[Id]
ORDER BY [n1].[PublishedAt] DESC
2026-04-27 12:34:22.126 [INF] HTTP GET /api/news responded 200 in 11.4191 ms
2026-04-27 12:36:32.157 [INF] Executed DbCommand (12ms) [Parameters=[@p0='?' (DbType = DateTime2), @p1='?' (Size = 30), @p2='?' (Size = 100), @p3='?' (DbType = DateTime2), @p4='?' (DbType = Int32)], CommandType='"Text"', CommandTimeout='30']
SET IMPLICIT_TRANSACTIONS OFF;
SET NOCOUNT ON;
INSERT INTO [ChatSessions] ([CreatedAt], [SessionType], [Title], [UpdatedAt], [UserId])
OUTPUT INSERTED.[Id]
VALUES (@p0, @p1, @p2, @p3, @p4);
2026-04-27 12:36:32.172 [INF] HTTP POST /api/chatbot/sessions responded 201 in 80.5746 ms
2026-04-27 12:36:36.083 [INF] Executed DbCommand (10ms) [Parameters=[@__sessionId_0='?' (DbType = Int32)], CommandType='"Text"', CommandTimeout='30']
SELECT TOP(1) [c].[Id], [c].[CreatedAt], [c].[SessionType], [c].[Title], [c].[UpdatedAt], [c].[UserId]
FROM [ChatSessions] AS [c]
WHERE [c].[Id] = @__sessionId_0
2026-04-27 12:36:36.103 [INF] Executed DbCommand (8ms) [Parameters=[@p0='?' (Size = 4000), @p1='?' (DbType = DateTime2), @p2='?' (Size = 50), @p3='?' (Size = 20), @p4='?' (DbType = Int32), @p5='?' (DbType = Int32)], CommandType='"Text"', CommandTimeout='30']
SET IMPLICIT_TRANSACTIONS OFF;
SET NOCOUNT ON;
INSERT INTO [ChatMessages] ([Content], [CreatedAt], [Model], [Role], [SessionId], [TokensUsed])
OUTPUT INSERTED.[Id]
VALUES (@p0, @p1, @p2, @p3, @p4, @p5);
2026-04-27 12:36:36.116 [WRN] Agent stream unavailable, using fallback
System.Net.Http.HttpRequestException: Connection refused (localhost:8010)
 ---> System.Net.Sockets.SocketException (61): Connection refused
   at System.Net.Sockets.Socket.AwaitableSocketAsyncEventArgs.ThrowException(SocketError error, CancellationToken cancellationToken)
   at System.Net.Sockets.Socket.AwaitableSocketAsyncEventArgs.System.Threading.Tasks.Sources.IValueTaskSource.GetResult(Int16 token)
   at System.Net.Sockets.Socket.<ConnectAsync>g__WaitForConnectWithCancellation|285_0(AwaitableSocketAsyncEventArgs saea, ValueTask connectTask, CancellationToken cancellationToken)
   at System.Net.Http.HttpConnectionPool.ConnectToTcpHostAsync(String host, Int32 port, HttpRequestMessage initialRequest, Boolean async, CancellationToken cancellationToken)
   --- End of inner exception stack trace ---
   at System.Net.Http.HttpConnectionPool.ConnectToTcpHostAsync(String host, Int32 port, HttpRequestMessage initialRequest, Boolean async, CancellationToken cancellationToken)
   at System.Net.Http.HttpConnectionPool.ConnectAsync(HttpRequestMessage request, Boolean async, CancellationToken cancellationToken)
   at System.Net.Http.HttpConnectionPool.CreateHttp11ConnectionAsync(HttpRequestMessage request, Boolean async, CancellationToken cancellationToken)
   at System.Net.Http.HttpConnectionPool.InjectNewHttp11ConnectionAsync(QueueItem queueItem)
   at System.Threading.Tasks.TaskCompletionSourceWithCancellation`1.WaitWithCancellationAsync(CancellationToken cancellationToken)
   at System.Net.Http.HttpConnectionPool.SendWithVersionDetectionAndRetryAsync(HttpRequestMessage request, Boolean async, Boolean doRequestAuth, CancellationToken cancellationToken)
   at System.Net.Http.DiagnosticsHandler.SendAsyncCore(HttpRequestMessage request, Boolean async, CancellationToken cancellationToken)
   at System.Net.Http.RedirectHandler.SendAsync(HttpRequestMessage request, Boolean async, CancellationToken cancellationToken)
   at System.Net.Http.HttpClient.<SendAsync>g__Core|83_0(HttpRequestMessage request, HttpCompletionOption completionOption, CancellationTokenSource cts, Boolean disposeCts, CancellationTokenSource pendingRequestsCts, CancellationToken originalCancellationToken)
   at MGSPlus.Api.Services.ChatbotService.StreamMessageAsync(Int32 sessionId, Nullable`1 userId, SendMessageRequest req, CancellationToken ct)+MoveNext() in /Users/dinhtanloc/Projects/MGSPlus/src/backend/Services/ChatbotService.cs:line 131
2026-04-27 12:36:36.137 [INF] Executed DbCommand (11ms) [Parameters=[@p0='?' (Size = 4000), @p1='?' (DbType = DateTime2), @p2='?' (Size = 50), @p3='?' (Size = 20), @p4='?' (DbType = Int32), @p5='?' (DbType = Int32), @p7='?' (DbType = Int32), @p6='?' (DbType = DateTime2)], CommandType='"Text"', CommandTimeout='30']
SET NOCOUNT ON;
INSERT INTO [ChatMessages] ([Content], [CreatedAt], [Model], [Role], [SessionId], [TokensUsed])
OUTPUT INSERTED.[Id]
VALUES (@p0, @p1, @p2, @p3, @p4, @p5);
UPDATE [ChatSessions] SET [UpdatedAt] = @p6
OUTPUT 1
WHERE [Id] = @p7;
2026-04-27 12:36:36.142 [INF] HTTP POST /api/chatbot/sessions/2/messages/stream responded 200 in 89.5462 ms
2026-04-27 12:36:52.321 [INF] Executed DbCommand (3ms) [Parameters=[@__sessionId_0='?' (DbType = Int32)], CommandType='"Text"', CommandTimeout='30']
SELECT TOP(1) [c].[Id], [c].[CreatedAt], [c].[SessionType], [c].[Title], [c].[UpdatedAt], [c].[UserId]
FROM [ChatSessions] AS [c]
WHERE [c].[Id] = @__sessionId_0
2026-04-27 12:36:52.329 [INF] Executed DbCommand (7ms) [Parameters=[@p0='?' (Size = 4000), @p1='?' (DbType = DateTime2), @p2='?' (Size = 50), @p3='?' (Size = 20), @p4='?' (DbType = Int32), @p5='?' (DbType = Int32)], CommandType='"Text"', CommandTimeout='30']
SET IMPLICIT_TRANSACTIONS OFF;
SET NOCOUNT ON;
INSERT INTO [ChatMessages] ([Content], [CreatedAt], [Model], [Role], [SessionId], [TokensUsed])
OUTPUT INSERTED.[Id]
VALUES (@p0, @p1, @p2, @p3, @p4, @p5);
2026-04-27 12:36:52.336 [WRN] Agent stream unavailable, using fallback
System.Net.Http.HttpRequestException: Connection refused (localhost:8010)
 ---> System.Net.Sockets.SocketException (61): Connection refused
   at System.Net.Sockets.Socket.AwaitableSocketAsyncEventArgs.ThrowException(SocketError error, CancellationToken cancellationToken)
   at System.Net.Sockets.Socket.AwaitableSocketAsyncEventArgs.System.Threading.Tasks.Sources.IValueTaskSource.GetResult(Int16 token)
   at System.Net.Sockets.Socket.<ConnectAsync>g__WaitForConnectWithCancellation|285_0(AwaitableSocketAsyncEventArgs saea, ValueTask connectTask, CancellationToken cancellationToken)
   at System.Net.Http.HttpConnectionPool.ConnectToTcpHostAsync(String host, Int32 port, HttpRequestMessage initialRequest, Boolean async, CancellationToken cancellationToken)
   --- End of inner exception stack trace ---
   at System.Net.Http.HttpConnectionPool.ConnectToTcpHostAsync(String host, Int32 port, HttpRequestMessage initialRequest, Boolean async, CancellationToken cancellationToken)
   at System.Net.Http.HttpConnectionPool.ConnectAsync(HttpRequestMessage request, Boolean async, CancellationToken cancellationToken)
   at System.Net.Http.HttpConnectionPool.CreateHttp11ConnectionAsync(HttpRequestMessage request, Boolean async, CancellationToken cancellationToken)
   at System.Net.Http.HttpConnectionPool.InjectNewHttp11ConnectionAsync(QueueItem queueItem)
   at System.Threading.Tasks.TaskCompletionSourceWithCancellation`1.WaitWithCancellationAsync(CancellationToken cancellationToken)
   at System.Net.Http.HttpConnectionPool.SendWithVersionDetectionAndRetryAsync(HttpRequestMessage request, Boolean async, Boolean doRequestAuth, CancellationToken cancellationToken)
   at System.Net.Http.DiagnosticsHandler.SendAsyncCore(HttpRequestMessage request, Boolean async, CancellationToken cancellationToken)
   at System.Net.Http.RedirectHandler.SendAsync(HttpRequestMessage request, Boolean async, CancellationToken cancellationToken)
   at System.Net.Http.HttpClient.<SendAsync>g__Core|83_0(HttpRequestMessage request, HttpCompletionOption completionOption, CancellationTokenSource cts, Boolean disposeCts, CancellationTokenSource pendingRequestsCts, CancellationToken originalCancellationToken)
   at MGSPlus.Api.Services.ChatbotService.StreamMessageAsync(Int32 sessionId, Nullable`1 userId, SendMessageRequest req, CancellationToken ct)+MoveNext() in /Users/dinhtanloc/Projects/MGSPlus/src/backend/Services/ChatbotService.cs:line 131
2026-04-27 12:36:52.342 [INF] Executed DbCommand (3ms) [Parameters=[@p0='?' (Size = 4000), @p1='?' (DbType = DateTime2), @p2='?' (Size = 50), @p3='?' (Size = 20), @p4='?' (DbType = Int32), @p5='?' (DbType = Int32), @p7='?' (DbType = Int32), @p6='?' (DbType = DateTime2)], CommandType='"Text"', CommandTimeout='30']
SET NOCOUNT ON;
INSERT INTO [ChatMessages] ([Content], [CreatedAt], [Model], [Role], [SessionId], [TokensUsed])
OUTPUT INSERTED.[Id]
VALUES (@p0, @p1, @p2, @p3, @p4, @p5);
UPDATE [ChatSessions] SET [UpdatedAt] = @p6
OUTPUT 1
WHERE [Id] = @p7;
2026-04-27 12:36:52.345 [INF] HTTP POST /api/chatbot/sessions/2/messages/stream responded 200 in 29.2284 ms
2026-04-27 12:47:11.456 [INF] Executed DbCommand (5ms) [Parameters=[@__p_0='?' (DbType = Int32)], CommandType='"Text"', CommandTimeout='30']
SELECT TOP(1) [u].[Id], [u].[CreatedAt], [u].[DateOfBirth], [u].[Email], [u].[FirstName], [u].[IsActive], [u].[IsEmailVerified], [u].[LastName], [u].[PasswordHash], [u].[PhoneNumber], [u].[Role], [u].[UpdatedAt]
FROM [Users] AS [u]
WHERE [u].[Id] = @__p_0
2026-04-27 12:47:11.474 [INF] HTTP GET /api/auth/me responded 200 in 58.2976 ms
2026-04-27 12:47:11.587 [INF] Executed DbCommand (3ms) [Parameters=[], CommandType='"Text"', CommandTimeout='30']
SELECT COUNT(*)
FROM [News] AS [n]
WHERE [n].[IsPublished] = CAST(1 AS bit)
2026-04-27 12:47:11.591 [INF] Executed DbCommand (3ms) [Parameters=[@__p_0='?' (DbType = Int32), @__p_1='?' (DbType = Int32)], CommandType='"Text"', CommandTimeout='30']
SELECT [n1].[Id], [n1].[Title], [n1].[Summary], [n1].[ImageUrl], [n1].[Source], [n0].[Name], [n1].[ViewCount], [n1].[PublishedAt]
FROM (
    SELECT [n].[Id], [n].[CategoryId], [n].[ImageUrl], [n].[PublishedAt], [n].[Source], [n].[Summary], [n].[Title], [n].[ViewCount]
    FROM [News] AS [n]
    WHERE [n].[IsPublished] = CAST(1 AS bit)
    ORDER BY [n].[PublishedAt] DESC
    OFFSET @__p_0 ROWS FETCH NEXT @__p_1 ROWS ONLY
) AS [n1]
LEFT JOIN [NewsCategories] AS [n0] ON [n1].[CategoryId] = [n0].[Id]
ORDER BY [n1].[PublishedAt] DESC
2026-04-27 12:47:11.592 [INF] HTTP GET /api/news responded 200 in 10.4532 ms
2026-04-27 12:47:14.254 [INF] Executed DbCommand (5ms) [Parameters=[@p0='?' (DbType = DateTime2), @p1='?' (Size = 30), @p2='?' (Size = 100), @p3='?' (DbType = DateTime2), @p4='?' (DbType = Int32)], CommandType='"Text"', CommandTimeout='30']
SET IMPLICIT_TRANSACTIONS OFF;
SET NOCOUNT ON;
INSERT INTO [ChatSessions] ([CreatedAt], [SessionType], [Title], [UpdatedAt], [UserId])
OUTPUT INSERTED.[Id]
VALUES (@p0, @p1, @p2, @p3, @p4);
2026-04-27 12:47:14.255 [INF] HTTP POST /api/chatbot/sessions responded 201 in 9.4203 ms
2026-04-27 12:49:49.975 [INF] Executed DbCommand (2ms) [Parameters=[@__p_0='?' (DbType = Int32)], CommandType='"Text"', CommandTimeout='30']
SELECT TOP(1) [u].[Id], [u].[CreatedAt], [u].[DateOfBirth], [u].[Email], [u].[FirstName], [u].[IsActive], [u].[IsEmailVerified], [u].[LastName], [u].[PasswordHash], [u].[PhoneNumber], [u].[Role], [u].[UpdatedAt]
FROM [Users] AS [u]
WHERE [u].[Id] = @__p_0
2026-04-27 12:49:49.976 [INF] HTTP GET /api/auth/me responded 200 in 3.3521 ms
2026-04-27 12:49:50.045 [INF] Executed DbCommand (2ms) [Parameters=[], CommandType='"Text"', CommandTimeout='30']
SELECT COUNT(*)
FROM [News] AS [n]
WHERE [n].[IsPublished] = CAST(1 AS bit)
2026-04-27 12:49:50.047 [INF] Executed DbCommand (2ms) [Parameters=[@__p_0='?' (DbType = Int32), @__p_1='?' (DbType = Int32)], CommandType='"Text"', CommandTimeout='30']
SELECT [n1].[Id], [n1].[Title], [n1].[Summary], [n1].[ImageUrl], [n1].[Source], [n0].[Name], [n1].[ViewCount], [n1].[PublishedAt]
FROM (
    SELECT [n].[Id], [n].[CategoryId], [n].[ImageUrl], [n].[PublishedAt], [n].[Source], [n].[Summary], [n].[Title], [n].[ViewCount]
    FROM [News] AS [n]
    WHERE [n].[IsPublished] = CAST(1 AS bit)
    ORDER BY [n].[PublishedAt] DESC
    OFFSET @__p_0 ROWS FETCH NEXT @__p_1 ROWS ONLY
) AS [n1]
LEFT JOIN [NewsCategories] AS [n0] ON [n1].[CategoryId] = [n0].[Id]
ORDER BY [n1].[PublishedAt] DESC
2026-04-27 12:49:50.048 [INF] HTTP GET /api/news responded 200 in 6.4896 ms
2026-04-27 12:51:03.484 [INF] Executed DbCommand (4ms) [Parameters=[@__p_0='?' (DbType = Int32)], CommandType='"Text"', CommandTimeout='30']
SELECT TOP(1) [u].[Id], [u].[CreatedAt], [u].[DateOfBirth], [u].[Email], [u].[FirstName], [u].[IsActive], [u].[IsEmailVerified], [u].[LastName], [u].[PasswordHash], [u].[PhoneNumber], [u].[Role], [u].[UpdatedAt]
FROM [Users] AS [u]
WHERE [u].[Id] = @__p_0
2026-04-27 12:51:03.485 [INF] HTTP GET /api/auth/me responded 200 in 10.0026 ms
2026-04-27 12:51:03.526 [INF] Executed DbCommand (2ms) [Parameters=[], CommandType='"Text"', CommandTimeout='30']
SELECT COUNT(*)
FROM [News] AS [n]
WHERE [n].[IsPublished] = CAST(1 AS bit)
2026-04-27 12:51:03.529 [INF] Executed DbCommand (2ms) [Parameters=[@__p_0='?' (DbType = Int32), @__p_1='?' (DbType = Int32)], CommandType='"Text"', CommandTimeout='30']
SELECT [n1].[Id], [n1].[Title], [n1].[Summary], [n1].[ImageUrl], [n1].[Source], [n0].[Name], [n1].[ViewCount], [n1].[PublishedAt]
FROM (
    SELECT [n].[Id], [n].[CategoryId], [n].[ImageUrl], [n].[PublishedAt], [n].[Source], [n].[Summary], [n].[Title], [n].[ViewCount]
    FROM [News] AS [n]
    WHERE [n].[IsPublished] = CAST(1 AS bit)
    ORDER BY [n].[PublishedAt] DESC
    OFFSET @__p_0 ROWS FETCH NEXT @__p_1 ROWS ONLY
) AS [n1]
LEFT JOIN [NewsCategories] AS [n0] ON [n1].[CategoryId] = [n0].[Id]
ORDER BY [n1].[PublishedAt] DESC
2026-04-27 12:51:03.529 [INF] HTTP GET /api/news responded 200 in 5.7098 ms
2026-04-27 12:51:07.432 [INF] Executed DbCommand (5ms) [Parameters=[@p0='?' (DbType = DateTime2), @p1='?' (Size = 30), @p2='?' (Size = 100), @p3='?' (DbType = DateTime2), @p4='?' (DbType = Int32)], CommandType='"Text"', CommandTimeout='30']
SET IMPLICIT_TRANSACTIONS OFF;
SET NOCOUNT ON;
INSERT INTO [ChatSessions] ([CreatedAt], [SessionType], [Title], [UpdatedAt], [UserId])
OUTPUT INSERTED.[Id]
VALUES (@p0, @p1, @p2, @p3, @p4);
2026-04-27 12:51:07.433 [INF] HTTP POST /api/chatbot/sessions responded 201 in 9.4902 ms
2026-04-27 12:51:10.542 [INF] Executed DbCommand (2ms) [Parameters=[@__sessionId_0='?' (DbType = Int32)], CommandType='"Text"', CommandTimeout='30']
SELECT TOP(1) [c].[Id], [c].[CreatedAt], [c].[SessionType], [c].[Title], [c].[UpdatedAt], [c].[UserId]
FROM [ChatSessions] AS [c]
WHERE [c].[Id] = @__sessionId_0
2026-04-27 12:51:10.553 [INF] Executed DbCommand (8ms) [Parameters=[@p0='?' (Size = 4000), @p1='?' (DbType = DateTime2), @p2='?' (Size = 50), @p3='?' (Size = 20), @p4='?' (DbType = Int32), @p5='?' (DbType = Int32)], CommandType='"Text"', CommandTimeout='30']
SET IMPLICIT_TRANSACTIONS OFF;
SET NOCOUNT ON;
INSERT INTO [ChatMessages] ([Content], [CreatedAt], [Model], [Role], [SessionId], [TokensUsed])
OUTPUT INSERTED.[Id]
VALUES (@p0, @p1, @p2, @p3, @p4, @p5);
2026-04-27 12:51:10.581 [INF] Executed DbCommand (3ms) [Parameters=[@p0='?' (Size = 4000), @p1='?' (DbType = DateTime2), @p2='?' (Size = 50), @p3='?' (Size = 20), @p4='?' (DbType = Int32), @p5='?' (DbType = Int32), @p7='?' (DbType = Int32), @p6='?' (DbType = DateTime2)], CommandType='"Text"', CommandTimeout='30']
SET NOCOUNT ON;
INSERT INTO [ChatMessages] ([Content], [CreatedAt], [Model], [Role], [SessionId], [TokensUsed])
OUTPUT INSERTED.[Id]
VALUES (@p0, @p1, @p2, @p3, @p4, @p5);
UPDATE [ChatSessions] SET [UpdatedAt] = @p6
OUTPUT 1
WHERE [Id] = @p7;
2026-04-27 12:51:10.584 [INF] HTTP POST /api/chatbot/sessions/4/messages/stream responded 200 in 45.4062 ms
2026-04-27 12:51:40.717 [INF] Executed DbCommand (3ms) [Parameters=[@__sessionId_0='?' (DbType = Int32)], CommandType='"Text"', CommandTimeout='30']
SELECT TOP(1) [c].[Id], [c].[CreatedAt], [c].[SessionType], [c].[Title], [c].[UpdatedAt], [c].[UserId]
FROM [ChatSessions] AS [c]
WHERE [c].[Id] = @__sessionId_0
2026-04-27 12:51:40.725 [INF] Executed DbCommand (5ms) [Parameters=[@p0='?' (Size = 4000), @p1='?' (DbType = DateTime2), @p2='?' (Size = 50), @p3='?' (Size = 20), @p4='?' (DbType = Int32), @p5='?' (DbType = Int32)], CommandType='"Text"', CommandTimeout='30']
SET IMPLICIT_TRANSACTIONS OFF;
SET NOCOUNT ON;
INSERT INTO [ChatMessages] ([Content], [CreatedAt], [Model], [Role], [SessionId], [TokensUsed])
OUTPUT INSERTED.[Id]
VALUES (@p0, @p1, @p2, @p3, @p4, @p5);
2026-04-27 12:51:40.734 [INF] Executed DbCommand (2ms) [Parameters=[@p0='?' (Size = 4000), @p1='?' (DbType = DateTime2), @p2='?' (Size = 50), @p3='?' (Size = 20), @p4='?' (DbType = Int32), @p5='?' (DbType = Int32), @p7='?' (DbType = Int32), @p6='?' (DbType = DateTime2)], CommandType='"Text"', CommandTimeout='30']
SET NOCOUNT ON;
INSERT INTO [ChatMessages] ([Content], [CreatedAt], [Model], [Role], [SessionId], [TokensUsed])
OUTPUT INSERTED.[Id]
VALUES (@p0, @p1, @p2, @p3, @p4, @p5);
UPDATE [ChatSessions] SET [UpdatedAt] = @p6
OUTPUT 1
WHERE [Id] = @p7;
2026-04-27 12:51:40.738 [INF] HTTP POST /api/chatbot/sessions/4/messages/stream responded 200 in 25.3008 ms
2026-04-27 12:58:07.521 [INF] Executed DbCommand (6ms) [Parameters=[@__sessionId_0='?' (DbType = Int32)], CommandType='"Text"', CommandTimeout='30']
SELECT TOP(1) [c].[Id], [c].[CreatedAt], [c].[SessionType], [c].[Title], [c].[UpdatedAt], [c].[UserId]
FROM [ChatSessions] AS [c]
WHERE [c].[Id] = @__sessionId_0
2026-04-27 12:58:07.544 [INF] Executed DbCommand (19ms) [Parameters=[@p0='?' (Size = 4000), @p1='?' (DbType = DateTime2), @p2='?' (Size = 50), @p3='?' (Size = 20), @p4='?' (DbType = Int32), @p5='?' (DbType = Int32)], CommandType='"Text"', CommandTimeout='30']
SET IMPLICIT_TRANSACTIONS OFF;
SET NOCOUNT ON;
INSERT INTO [ChatMessages] ([Content], [CreatedAt], [Model], [Role], [SessionId], [TokensUsed])
OUTPUT INSERTED.[Id]
VALUES (@p0, @p1, @p2, @p3, @p4, @p5);
2026-04-27 12:58:07.597 [INF] Executed DbCommand (3ms) [Parameters=[@p0='?' (Size = 4000), @p1='?' (DbType = DateTime2), @p2='?' (Size = 50), @p3='?' (Size = 20), @p4='?' (DbType = Int32), @p5='?' (DbType = Int32), @p7='?' (DbType = Int32), @p6='?' (DbType = DateTime2)], CommandType='"Text"', CommandTimeout='30']
SET NOCOUNT ON;
INSERT INTO [ChatMessages] ([Content], [CreatedAt], [Model], [Role], [SessionId], [TokensUsed])
OUTPUT INSERTED.[Id]
VALUES (@p0, @p1, @p2, @p3, @p4, @p5);
UPDATE [ChatSessions] SET [UpdatedAt] = @p6
OUTPUT 1
WHERE [Id] = @p7;
2026-04-27 12:58:07.602 [INF] HTTP POST /api/chatbot/sessions/4/messages/stream responded 200 in 99.6638 ms
2026-04-27 13:05:31.799 [INF] Executed DbCommand (8ms) [Parameters=[@__p_0='?' (DbType = Int32)], CommandType='"Text"', CommandTimeout='30']
SELECT TOP(1) [u].[Id], [u].[CreatedAt], [u].[DateOfBirth], [u].[Email], [u].[FirstName], [u].[IsActive], [u].[IsEmailVerified], [u].[LastName], [u].[PasswordHash], [u].[PhoneNumber], [u].[Role], [u].[UpdatedAt]
FROM [Users] AS [u]
WHERE [u].[Id] = @__p_0
2026-04-27 13:05:31.802 [INF] HTTP GET /api/auth/me responded 200 in 46.6645 ms
2026-04-27 13:05:31.875 [INF] Executed DbCommand (3ms) [Parameters=[], CommandType='"Text"', CommandTimeout='30']
SELECT COUNT(*)
FROM [News] AS [n]
WHERE [n].[IsPublished] = CAST(1 AS bit)
2026-04-27 13:05:31.880 [INF] Executed DbCommand (4ms) [Parameters=[@__p_0='?' (DbType = Int32), @__p_1='?' (DbType = Int32)], CommandType='"Text"', CommandTimeout='30']
SELECT [n1].[Id], [n1].[Title], [n1].[Summary], [n1].[ImageUrl], [n1].[Source], [n0].[Name], [n1].[ViewCount], [n1].[PublishedAt]
FROM (
    SELECT [n].[Id], [n].[CategoryId], [n].[ImageUrl], [n].[PublishedAt], [n].[Source], [n].[Summary], [n].[Title], [n].[ViewCount]
    FROM [News] AS [n]
    WHERE [n].[IsPublished] = CAST(1 AS bit)
    ORDER BY [n].[PublishedAt] DESC
    OFFSET @__p_0 ROWS FETCH NEXT @__p_1 ROWS ONLY
) AS [n1]
LEFT JOIN [NewsCategories] AS [n0] ON [n1].[CategoryId] = [n0].[Id]
ORDER BY [n1].[PublishedAt] DESC
2026-04-27 13:05:31.882 [INF] HTTP GET /api/news responded 200 in 12.7510 ms
2026-04-27 13:05:33.145 [INF] Executed DbCommand (5ms) [Parameters=[@p0='?' (DbType = DateTime2), @p1='?' (Size = 30), @p2='?' (Size = 100), @p3='?' (DbType = DateTime2), @p4='?' (DbType = Int32)], CommandType='"Text"', CommandTimeout='30']
SET IMPLICIT_TRANSACTIONS OFF;
SET NOCOUNT ON;
INSERT INTO [ChatSessions] ([CreatedAt], [SessionType], [Title], [UpdatedAt], [UserId])
OUTPUT INSERTED.[Id]
VALUES (@p0, @p1, @p2, @p3, @p4);
2026-04-27 13:05:33.146 [INF] HTTP POST /api/chatbot/sessions responded 201 in 10.9548 ms
2026-04-27 13:05:35.252 [INF] Executed DbCommand (3ms) [Parameters=[@__sessionId_0='?' (DbType = Int32)], CommandType='"Text"', CommandTimeout='30']
SELECT TOP(1) [c].[Id], [c].[CreatedAt], [c].[SessionType], [c].[Title], [c].[UpdatedAt], [c].[UserId]
FROM [ChatSessions] AS [c]
WHERE [c].[Id] = @__sessionId_0
2026-04-27 13:05:35.258 [INF] Executed DbCommand (4ms) [Parameters=[@p0='?' (Size = 4000), @p1='?' (DbType = DateTime2), @p2='?' (Size = 50), @p3='?' (Size = 20), @p4='?' (DbType = Int32), @p5='?' (DbType = Int32)], CommandType='"Text"', CommandTimeout='30']
SET IMPLICIT_TRANSACTIONS OFF;
SET NOCOUNT ON;
INSERT INTO [ChatMessages] ([Content], [CreatedAt], [Model], [Role], [SessionId], [TokensUsed])
OUTPUT INSERTED.[Id]
VALUES (@p0, @p1, @p2, @p3, @p4, @p5);
2026-04-27 13:05:35.314 [INF] Executed DbCommand (3ms) [Parameters=[@p0='?' (Size = 4000), @p1='?' (DbType = DateTime2), @p2='?' (Size = 50), @p3='?' (Size = 20), @p4='?' (DbType = Int32), @p5='?' (DbType = Int32), @p7='?' (DbType = Int32), @p6='?' (DbType = DateTime2)], CommandType='"Text"', CommandTimeout='30']
SET NOCOUNT ON;
INSERT INTO [ChatMessages] ([Content], [CreatedAt], [Model], [Role], [SessionId], [TokensUsed])
OUTPUT INSERTED.[Id]
VALUES (@p0, @p1, @p2, @p3, @p4, @p5);
UPDATE [ChatSessions] SET [UpdatedAt] = @p6
OUTPUT 1
WHERE [Id] = @p7;
2026-04-27 13:05:35.317 [INF] HTTP POST /api/chatbot/sessions/5/messages/stream responded 200 in 70.8360 ms
2026-04-27 13:07:30.645 [INF] Executed DbCommand (3ms) [Parameters=[@__p_0='?' (DbType = Int32)], CommandType='"Text"', CommandTimeout='30']
SELECT TOP(1) [u].[Id], [u].[CreatedAt], [u].[DateOfBirth], [u].[Email], [u].[FirstName], [u].[IsActive], [u].[IsEmailVerified], [u].[LastName], [u].[PasswordHash], [u].[PhoneNumber], [u].[Role], [u].[UpdatedAt]
FROM [Users] AS [u]
WHERE [u].[Id] = @__p_0
2026-04-27 13:07:30.645 [INF] HTTP GET /api/auth/me responded 200 in 13.2921 ms
2026-04-27 13:07:30.705 [INF] Executed DbCommand (3ms) [Parameters=[], CommandType='"Text"', CommandTimeout='30']
SELECT COUNT(*)
FROM [News] AS [n]
WHERE [n].[IsPublished] = CAST(1 AS bit)
2026-04-27 13:07:30.709 [INF] Executed DbCommand (2ms) [Parameters=[@__p_0='?' (DbType = Int32), @__p_1='?' (DbType = Int32)], CommandType='"Text"', CommandTimeout='30']
SELECT [n1].[Id], [n1].[Title], [n1].[Summary], [n1].[ImageUrl], [n1].[Source], [n0].[Name], [n1].[ViewCount], [n1].[PublishedAt]
FROM (
    SELECT [n].[Id], [n].[CategoryId], [n].[ImageUrl], [n].[PublishedAt], [n].[Source], [n].[Summary], [n].[Title], [n].[ViewCount]
    FROM [News] AS [n]
    WHERE [n].[IsPublished] = CAST(1 AS bit)
    ORDER BY [n].[PublishedAt] DESC
    OFFSET @__p_0 ROWS FETCH NEXT @__p_1 ROWS ONLY
) AS [n1]
LEFT JOIN [NewsCategories] AS [n0] ON [n1].[CategoryId] = [n0].[Id]
ORDER BY [n1].[PublishedAt] DESC
2026-04-27 13:07:30.709 [INF] HTTP GET /api/news responded 200 in 9.0853 ms
2026-04-27 13:07:31.823 [INF] Executed DbCommand (6ms) [Parameters=[@p0='?' (DbType = DateTime2), @p1='?' (Size = 30), @p2='?' (Size = 100), @p3='?' (DbType = DateTime2), @p4='?' (DbType = Int32)], CommandType='"Text"', CommandTimeout='30']
SET IMPLICIT_TRANSACTIONS OFF;
SET NOCOUNT ON;
INSERT INTO [ChatSessions] ([CreatedAt], [SessionType], [Title], [UpdatedAt], [UserId])
OUTPUT INSERTED.[Id]
VALUES (@p0, @p1, @p2, @p3, @p4);
2026-04-27 13:07:31.824 [INF] HTTP POST /api/chatbot/sessions responded 201 in 10.4761 ms
2026-04-27 13:07:33.805 [INF] Executed DbCommand (4ms) [Parameters=[@__sessionId_0='?' (DbType = Int32)], CommandType='"Text"', CommandTimeout='30']
SELECT TOP(1) [c].[Id], [c].[CreatedAt], [c].[SessionType], [c].[Title], [c].[UpdatedAt], [c].[UserId]
FROM [ChatSessions] AS [c]
WHERE [c].[Id] = @__sessionId_0
2026-04-27 13:07:33.814 [INF] Executed DbCommand (7ms) [Parameters=[@p0='?' (Size = 4000), @p1='?' (DbType = DateTime2), @p2='?' (Size = 50), @p3='?' (Size = 20), @p4='?' (DbType = Int32), @p5='?' (DbType = Int32)], CommandType='"Text"', CommandTimeout='30']
SET IMPLICIT_TRANSACTIONS OFF;
SET NOCOUNT ON;
INSERT INTO [ChatMessages] ([Content], [CreatedAt], [Model], [Role], [SessionId], [TokensUsed])
OUTPUT INSERTED.[Id]
VALUES (@p0, @p1, @p2, @p3, @p4, @p5);
2026-04-27 13:07:36.117 [INF] Executed DbCommand (2ms) [Parameters=[@p0='?' (Size = 4000), @p1='?' (DbType = DateTime2), @p2='?' (Size = 50), @p3='?' (Size = 20), @p4='?' (DbType = Int32), @p5='?' (DbType = Int32), @p7='?' (DbType = Int32), @p6='?' (DbType = DateTime2)], CommandType='"Text"', CommandTimeout='30']
SET NOCOUNT ON;
INSERT INTO [ChatMessages] ([Content], [CreatedAt], [Model], [Role], [SessionId], [TokensUsed])
OUTPUT INSERTED.[Id]
VALUES (@p0, @p1, @p2, @p3, @p4, @p5);
UPDATE [ChatSessions] SET [UpdatedAt] = @p6
OUTPUT 1
WHERE [Id] = @p7;
2026-04-27 13:07:36.120 [INF] HTTP POST /api/chatbot/sessions/6/messages/stream responded 200 in 2321.5780 ms
2026-04-27 13:09:39.453 [INF] Executed DbCommand (3ms) [Parameters=[@__p_0='?' (DbType = Int32)], CommandType='"Text"', CommandTimeout='30']
SELECT TOP(1) [u].[Id], [u].[CreatedAt], [u].[DateOfBirth], [u].[Email], [u].[FirstName], [u].[IsActive], [u].[IsEmailVerified], [u].[LastName], [u].[PasswordHash], [u].[PhoneNumber], [u].[Role], [u].[UpdatedAt]
FROM [Users] AS [u]
WHERE [u].[Id] = @__p_0
2026-04-27 13:09:39.456 [INF] HTTP GET /api/auth/me responded 200 in 15.4508 ms
2026-04-27 13:09:39.574 [INF] Executed DbCommand (3ms) [Parameters=[], CommandType='"Text"', CommandTimeout='30']
SELECT COUNT(*)
FROM [News] AS [n]
WHERE [n].[IsPublished] = CAST(1 AS bit)
2026-04-27 13:09:39.580 [INF] Executed DbCommand (3ms) [Parameters=[@__p_0='?' (DbType = Int32), @__p_1='?' (DbType = Int32)], CommandType='"Text"', CommandTimeout='30']
SELECT [n1].[Id], [n1].[Title], [n1].[Summary], [n1].[ImageUrl], [n1].[Source], [n0].[Name], [n1].[ViewCount], [n1].[PublishedAt]
FROM (
    SELECT [n].[Id], [n].[CategoryId], [n].[ImageUrl], [n].[PublishedAt], [n].[Source], [n].[Summary], [n].[Title], [n].[ViewCount]
    FROM [News] AS [n]
    WHERE [n].[IsPublished] = CAST(1 AS bit)
    ORDER BY [n].[PublishedAt] DESC
    OFFSET @__p_0 ROWS FETCH NEXT @__p_1 ROWS ONLY
) AS [n1]
LEFT JOIN [NewsCategories] AS [n0] ON [n1].[CategoryId] = [n0].[Id]
ORDER BY [n1].[PublishedAt] DESC
2026-04-27 13:09:39.582 [INF] HTTP GET /api/news responded 200 in 12.8951 ms
2026-04-27 13:09:40.816 [INF] Executed DbCommand (6ms) [Parameters=[@p0='?' (DbType = DateTime2), @p1='?' (Size = 30), @p2='?' (Size = 100), @p3='?' (DbType = DateTime2), @p4='?' (DbType = Int32)], CommandType='"Text"', CommandTimeout='30']
SET IMPLICIT_TRANSACTIONS OFF;
SET NOCOUNT ON;
INSERT INTO [ChatSessions] ([CreatedAt], [SessionType], [Title], [UpdatedAt], [UserId])
OUTPUT INSERTED.[Id]
VALUES (@p0, @p1, @p2, @p3, @p4);
2026-04-27 13:09:40.817 [INF] HTTP POST /api/chatbot/sessions responded 201 in 11.5345 ms
2026-04-27 13:09:43.496 [INF] Executed DbCommand (5ms) [Parameters=[@__sessionId_0='?' (DbType = Int32)], CommandType='"Text"', CommandTimeout='30']
SELECT TOP(1) [c].[Id], [c].[CreatedAt], [c].[SessionType], [c].[Title], [c].[UpdatedAt], [c].[UserId]
FROM [ChatSessions] AS [c]
WHERE [c].[Id] = @__sessionId_0
2026-04-27 13:09:43.508 [INF] Executed DbCommand (11ms) [Parameters=[@p0='?' (Size = 4000), @p1='?' (DbType = DateTime2), @p2='?' (Size = 50), @p3='?' (Size = 20), @p4='?' (DbType = Int32), @p5='?' (DbType = Int32)], CommandType='"Text"', CommandTimeout='30']
SET IMPLICIT_TRANSACTIONS OFF;
SET NOCOUNT ON;
INSERT INTO [ChatMessages] ([Content], [CreatedAt], [Model], [Role], [SessionId], [TokensUsed])
OUTPUT INSERTED.[Id]
VALUES (@p0, @p1, @p2, @p3, @p4, @p5);
2026-04-27 13:09:43.656 [INF] Executed DbCommand (8ms) [Parameters=[@p0='?' (Size = 4000), @p1='?' (DbType = DateTime2), @p2='?' (Size = 50), @p3='?' (Size = 20), @p4='?' (DbType = Int32), @p5='?' (DbType = Int32), @p7='?' (DbType = Int32), @p6='?' (DbType = DateTime2)], CommandType='"Text"', CommandTimeout='30']
SET NOCOUNT ON;
INSERT INTO [ChatMessages] ([Content], [CreatedAt], [Model], [Role], [SessionId], [TokensUsed])
OUTPUT INSERTED.[Id]
VALUES (@p0, @p1, @p2, @p3, @p4, @p5);
UPDATE [ChatSessions] SET [UpdatedAt] = @p6
OUTPUT 1
WHERE [Id] = @p7;
2026-04-27 13:09:43.660 [INF] HTTP POST /api/chatbot/sessions/7/messages/stream responded 200 in 171.4308 ms
2026-04-27 13:13:07.445 [INF] Executed DbCommand (4ms) [Parameters=[@__p_0='?' (DbType = Int32)], CommandType='"Text"', CommandTimeout='30']
SELECT TOP(1) [u].[Id], [u].[CreatedAt], [u].[DateOfBirth], [u].[Email], [u].[FirstName], [u].[IsActive], [u].[IsEmailVerified], [u].[LastName], [u].[PasswordHash], [u].[PhoneNumber], [u].[Role], [u].[UpdatedAt]
FROM [Users] AS [u]
WHERE [u].[Id] = @__p_0
2026-04-27 13:13:07.448 [INF] HTTP GET /api/auth/me responded 200 in 14.8425 ms
2026-04-27 13:13:07.513 [INF] Executed DbCommand (3ms) [Parameters=[], CommandType='"Text"', CommandTimeout='30']
SELECT COUNT(*)
FROM [News] AS [n]
WHERE [n].[IsPublished] = CAST(1 AS bit)
2026-04-27 13:13:07.520 [INF] Executed DbCommand (4ms) [Parameters=[@__p_0='?' (DbType = Int32), @__p_1='?' (DbType = Int32)], CommandType='"Text"', CommandTimeout='30']
SELECT [n1].[Id], [n1].[Title], [n1].[Summary], [n1].[ImageUrl], [n1].[Source], [n0].[Name], [n1].[ViewCount], [n1].[PublishedAt]
FROM (
    SELECT [n].[Id], [n].[CategoryId], [n].[ImageUrl], [n].[PublishedAt], [n].[Source], [n].[Summary], [n].[Title], [n].[ViewCount]
    FROM [News] AS [n]
    WHERE [n].[IsPublished] = CAST(1 AS bit)
    ORDER BY [n].[PublishedAt] DESC
    OFFSET @__p_0 ROWS FETCH NEXT @__p_1 ROWS ONLY
) AS [n1]
LEFT JOIN [NewsCategories] AS [n0] ON [n1].[CategoryId] = [n0].[Id]
ORDER BY [n1].[PublishedAt] DESC
2026-04-27 13:13:07.522 [INF] HTTP GET /api/news responded 200 in 13.9442 ms
2026-04-27 13:13:08.747 [INF] Executed DbCommand (8ms) [Parameters=[@p0='?' (DbType = DateTime2), @p1='?' (Size = 30), @p2='?' (Size = 100), @p3='?' (DbType = DateTime2), @p4='?' (DbType = Int32)], CommandType='"Text"', CommandTimeout='30']
SET IMPLICIT_TRANSACTIONS OFF;
SET NOCOUNT ON;
INSERT INTO [ChatSessions] ([CreatedAt], [SessionType], [Title], [UpdatedAt], [UserId])
OUTPUT INSERTED.[Id]
VALUES (@p0, @p1, @p2, @p3, @p4);
2026-04-27 13:13:08.748 [INF] HTTP POST /api/chatbot/sessions responded 201 in 13.9837 ms
2026-04-27 13:13:10.592 [INF] Executed DbCommand (4ms) [Parameters=[@__sessionId_0='?' (DbType = Int32)], CommandType='"Text"', CommandTimeout='30']
SELECT TOP(1) [c].[Id], [c].[CreatedAt], [c].[SessionType], [c].[Title], [c].[UpdatedAt], [c].[UserId]
FROM [ChatSessions] AS [c]
WHERE [c].[Id] = @__sessionId_0
2026-04-27 13:13:10.605 [INF] Executed DbCommand (11ms) [Parameters=[@p0='?' (Size = 4000), @p1='?' (DbType = DateTime2), @p2='?' (Size = 50), @p3='?' (Size = 20), @p4='?' (DbType = Int32), @p5='?' (DbType = Int32)], CommandType='"Text"', CommandTimeout='30']
SET IMPLICIT_TRANSACTIONS OFF;
SET NOCOUNT ON;
INSERT INTO [ChatMessages] ([Content], [CreatedAt], [Model], [Role], [SessionId], [TokensUsed])
OUTPUT INSERTED.[Id]
VALUES (@p0, @p1, @p2, @p3, @p4, @p5);
2026-04-27 13:14:52.251 [INF] Executed DbCommand (4ms) [Parameters=[@p0='?' (Size = 4000), @p1='?' (DbType = DateTime2), @p2='?' (Size = 50), @p3='?' (Size = 20), @p4='?' (DbType = Int32), @p5='?' (DbType = Int32), @p7='?' (DbType = Int32), @p6='?' (DbType = DateTime2)], CommandType='"Text"', CommandTimeout='30']
SET NOCOUNT ON;
INSERT INTO [ChatMessages] ([Content], [CreatedAt], [Model], [Role], [SessionId], [TokensUsed])
OUTPUT INSERTED.[Id]
VALUES (@p0, @p1, @p2, @p3, @p4, @p5);
UPDATE [ChatSessions] SET [UpdatedAt] = @p6
OUTPUT 1
WHERE [Id] = @p7;
2026-04-27 13:14:52.256 [INF] HTTP POST /api/chatbot/sessions/8/messages/stream responded 200 in 101668.7568 ms
2026-04-27 13:18:53.967 [INF] HTTP GET /api/auth/me responded 401 in 102.5205 ms
2026-04-27 13:18:54.086 [INF] Executed DbCommand (4ms) [Parameters=[@__hashed_0='?' (Size = 256)], CommandType='"Text"', CommandTimeout='30']
SELECT TOP(1) [r].[Id], [r].[CreatedAt], [r].[ExpiresAt], [r].[IsRevoked], [r].[Token], [r].[UserId], [u].[Id], [u].[CreatedAt], [u].[DateOfBirth], [u].[Email], [u].[FirstName], [u].[IsActive], [u].[IsEmailVerified], [u].[LastName], [u].[PasswordHash], [u].[PhoneNumber], [u].[Role], [u].[UpdatedAt]
FROM [RefreshTokens] AS [r]
INNER JOIN [Users] AS [u] ON [r].[UserId] = [u].[Id]
WHERE [r].[Token] = @__hashed_0
2026-04-27 13:18:54.119 [INF] Executed DbCommand (3ms) [Parameters=[@p1='?' (DbType = Int32), @p0='?' (DbType = Boolean), @p2='?' (DbType = DateTime2), @p3='?' (DbType = DateTime2), @p4='?' (DbType = Boolean), @p5='?' (Size = 256), @p6='?' (DbType = Int32)], CommandType='"Text"', CommandTimeout='30']
SET NOCOUNT ON;
UPDATE [RefreshTokens] SET [IsRevoked] = @p0
OUTPUT 1
WHERE [Id] = @p1;
INSERT INTO [RefreshTokens] ([CreatedAt], [ExpiresAt], [IsRevoked], [Token], [UserId])
OUTPUT INSERTED.[Id]
VALUES (@p2, @p3, @p4, @p5, @p6);
2026-04-27 13:18:54.126 [INF] HTTP POST /api/auth/refresh responded 200 in 77.4567 ms
2026-04-27 13:18:54.162 [INF] Executed DbCommand (2ms) [Parameters=[@__p_0='?' (DbType = Int32)], CommandType='"Text"', CommandTimeout='30']
SELECT TOP(1) [u].[Id], [u].[CreatedAt], [u].[DateOfBirth], [u].[Email], [u].[FirstName], [u].[IsActive], [u].[IsEmailVerified], [u].[LastName], [u].[PasswordHash], [u].[PhoneNumber], [u].[Role], [u].[UpdatedAt]
FROM [Users] AS [u]
WHERE [u].[Id] = @__p_0
2026-04-27 13:18:54.163 [INF] HTTP GET /api/auth/me responded 200 in 4.1340 ms
2026-04-27 13:18:54.180 [INF] Executed DbCommand (2ms) [Parameters=[], CommandType='"Text"', CommandTimeout='30']
SELECT COUNT(*)
FROM [News] AS [n]
WHERE [n].[IsPublished] = CAST(1 AS bit)
2026-04-27 13:18:54.184 [INF] Executed DbCommand (2ms) [Parameters=[@__p_0='?' (DbType = Int32), @__p_1='?' (DbType = Int32)], CommandType='"Text"', CommandTimeout='30']
SELECT [n1].[Id], [n1].[Title], [n1].[Summary], [n1].[ImageUrl], [n1].[Source], [n0].[Name], [n1].[ViewCount], [n1].[PublishedAt]
FROM (
    SELECT [n].[Id], [n].[CategoryId], [n].[ImageUrl], [n].[PublishedAt], [n].[Source], [n].[Summary], [n].[Title], [n].[ViewCount]
    FROM [News] AS [n]
    WHERE [n].[IsPublished] = CAST(1 AS bit)
    ORDER BY [n].[PublishedAt] DESC
    OFFSET @__p_0 ROWS FETCH NEXT @__p_1 ROWS ONLY
) AS [n1]
LEFT JOIN [NewsCategories] AS [n0] ON [n1].[CategoryId] = [n0].[Id]
ORDER BY [n1].[PublishedAt] DESC
2026-04-27 13:18:54.184 [INF] HTTP GET /api/news responded 200 in 7.4723 ms
2026-04-27 13:18:55.497 [INF] Executed DbCommand (4ms) [Parameters=[@p0='?' (DbType = DateTime2), @p1='?' (Size = 30), @p2='?' (Size = 100), @p3='?' (DbType = DateTime2), @p4='?' (DbType = Int32)], CommandType='"Text"', CommandTimeout='30']
SET IMPLICIT_TRANSACTIONS OFF;
SET NOCOUNT ON;
INSERT INTO [ChatSessions] ([CreatedAt], [SessionType], [Title], [UpdatedAt], [UserId])
OUTPUT INSERTED.[Id]
VALUES (@p0, @p1, @p2, @p3, @p4);
2026-04-27 13:18:55.498 [INF] HTTP POST /api/chatbot/sessions responded 201 in 7.3425 ms
2026-04-27 13:18:57.818 [INF] Executed DbCommand (3ms) [Parameters=[@__sessionId_0='?' (DbType = Int32)], CommandType='"Text"', CommandTimeout='30']
SELECT TOP(1) [c].[Id], [c].[CreatedAt], [c].[SessionType], [c].[Title], [c].[UpdatedAt], [c].[UserId]
FROM [ChatSessions] AS [c]
WHERE [c].[Id] = @__sessionId_0
2026-04-27 13:18:57.826 [INF] Executed DbCommand (7ms) [Parameters=[@p0='?' (Size = 4000), @p1='?' (DbType = DateTime2), @p2='?' (Size = 50), @p3='?' (Size = 20), @p4='?' (DbType = Int32), @p5='?' (DbType = Int32)], CommandType='"Text"', CommandTimeout='30']
SET IMPLICIT_TRANSACTIONS OFF;
SET NOCOUNT ON;
INSERT INTO [ChatMessages] ([Content], [CreatedAt], [Model], [Role], [SessionId], [TokensUsed])
OUTPUT INSERTED.[Id]
VALUES (@p0, @p1, @p2, @p3, @p4, @p5);
2026-04-27 13:19:30.359 [INF] Executed DbCommand (2ms) [Parameters=[@p0='?' (Size = 4000), @p1='?' (DbType = DateTime2), @p2='?' (Size = 50), @p3='?' (Size = 20), @p4='?' (DbType = Int32), @p5='?' (DbType = Int32), @p7='?' (DbType = Int32), @p6='?' (DbType = DateTime2)], CommandType='"Text"', CommandTimeout='30']
SET NOCOUNT ON;
INSERT INTO [ChatMessages] ([Content], [CreatedAt], [Model], [Role], [SessionId], [TokensUsed])
OUTPUT INSERTED.[Id]
VALUES (@p0, @p1, @p2, @p3, @p4, @p5);
UPDATE [ChatSessions] SET [UpdatedAt] = @p6
OUTPUT 1
WHERE [Id] = @p7;
2026-04-27 13:19:30.363 [INF] HTTP POST /api/chatbot/sessions/9/messages/stream responded 200 in 32550.2377 ms
2026-04-27 13:19:43.994 [INF] Application is shutting down...
